2026-02-28 14:53:17,800 - JARVIS DAEMON - INFO - JARVIS Daemon Iniciado.
2026-02-28 14:53:17,801 - JARVIS DAEMON - INFO - Executando Pipeline Sentinel (Trello/Licitei) (c:\Users\pietr\OneDrive\.vscode\JARVIS\cos\engine\pipeline_sentinel.py)...
2026-02-28 14:53:18,309 - JARVIS DAEMON - INFO - \u2705 Pipeline Sentinel (Trello/Licitei) executado com sucesso.
2026-02-28 20:44:19,649 - JARVIS DAEMON - INFO - JARVIS Daemon Iniciado.
2026-02-28 20:44:19,651 - JARVIS DAEMON - INFO - --- Iniciando Ciclo de Monitoramento Contínuo ---
2026-02-28 20:44:19,652 - JARVIS DAEMON - INFO - Executando Pipeline Sentinel (Trello/Licitei) (c:\Users\pietr\OneDrive\.vscode\JARVIS\cos\engine\pipeline_sentinel.py)...
2026-02-28 20:44:20,507 - JARVIS DAEMON - INFO - \u2705 Pipeline Sentinel (Trello/Licitei) executado com sucesso.
2026-02-28 20:44:20,519 - JARVIS DAEMON - INFO - Executando Auditoria Sidecar: arte_ (c:\Users\pietr\OneDrive\.vscode\arte_\JARVIS\audit.py)...
2026-02-28 20:44:59,943 - JARVIS DAEMON - INFO - \u2705 Auditoria Sidecar: arte_ executado com sucesso.
2026-02-28 20:44:59,944 - JARVIS DAEMON - INFO - Executando Auditoria Sidecar: wappi (c:\Users\pietr\OneDrive\.vscode\wappi\JARVIS\audit.py)...
2026-02-28 20:46:20,522 - JARVIS DAEMON - INFO - \u2705 Auditoria Sidecar: wappi executado com sucesso.
2026-02-28 20:46:20,544 - JARVIS DAEMON - INFO - --- Ciclo de Monitoramento Contínuo Finalizado ---
2026-02-28 21:14:20,782 - JARVIS DAEMON - INFO - --- Iniciando Ciclo de Monitoramento Contínuo ---
2026-02-28 21:14:20,805 - JARVIS DAEMON - INFO - Executando Pipeline Sentinel (Trello/Licitei) (c:\Users\pietr\OneDrive\.vscode\JARVIS\cos\engine\pipeline_sentinel.py)...
2026-02-28 21:14:21,426 - JARVIS DAEMON - INFO - \u2705 Pipeline Sentinel (Trello/Licitei) executado com sucesso.
2026-02-28 21:14:21,440 - JARVIS DAEMON - INFO - Executando Auditoria Sidecar: arte_ (c:\Users\pietr\OneDrive\.vscode\arte_\JARVIS\audit.py)...
2026-02-28 21:14:44,941 - JARVIS DAEMON - INFO - \u2705 Auditoria Sidecar: arte_ executado com sucesso.
2026-02-28 21:14:44,943 - JARVIS DAEMON - INFO - Executando Auditoria Sidecar: wappi (c:\Users\pietr\OneDrive\.vscode\wappi\JARVIS\audit.py)...
2026-02-28 21:15:41,584 - JARVIS DAEMON - INFO - \u2705 Auditoria Sidecar: wappi executado com sucesso.
2026-02-28 21:15:41,597 - JARVIS DAEMON - INFO - --- Ciclo de Monitoramento Contínuo Finalizado ---
2026-02-28 21:45:41,964 - JARVIS DAEMON - INFO - --- Iniciando Ciclo de Monitoramento Contínuo ---
2026-02-28 21:45:41,967 - JARVIS DAEMON - INFO - Executando Pipeline Sentinel (Trello/Licitei) (c:\Users\pietr\OneDrive\.vscode\JARVIS\cos\engine\pipeline_sentinel.py)...
2026-02-28 21:45:42,551 - JARVIS DAEMON - INFO - \u2705 Pipeline Sentinel (Trello/Licitei) executado com sucesso.
2026-02-28 21:45:42,564 - JARVIS DAEMON - INFO - Executando Auditoria Sidecar: arte_ (c:\Users\pietr\OneDrive\.vscode\arte_\JARVIS\audit.py)...
2026-02-28 21:45:56,184 - JARVIS DAEMON - INFO - \u2705 Auditoria Sidecar: arte_ executado com sucesso.
2026-02-28 21:45:56,185 - JARVIS DAEMON - INFO - Executando Auditoria Sidecar: wappi (c:\Users\pietr\OneDrive\.vscode\wappi\JARVIS\audit.py)...
2026-02-28 21:46:29,119 - JARVIS DAEMON - INFO - \u2705 Auditoria Sidecar: wappi executado com sucesso.
2026-02-28 21:46:29,146 - JARVIS DAEMON - INFO - --- Ciclo de Monitoramento Contínuo Finalizado ---
2026-02-28 22:16:29,292 - JARVIS DAEMON - INFO - --- Iniciando Ciclo de Monitoramento Contínuo ---
2026-02-28 22:16:29,304 - JARVIS DAEMON - INFO - Executando Pipeline Sentinel (Trello/Licitei) (c:\Users\pietr\OneDrive\.vscode\JARVIS\cos\engine\pipeline_sentinel.py)...
2026-02-28 22:16:30,157 - JARVIS DAEMON - INFO - \u2705 Pipeline Sentinel (Trello/Licitei) executado com sucesso.
2026-02-28 22:16:30,183 - JARVIS DAEMON - INFO - Executando Auditoria Sidecar: arte_ (c:\Users\pietr\OneDrive\.vscode\arte_\JARVIS\audit.py)...
2026-02-28 22:16:52,260 - JARVIS DAEMON - INFO - \u2705 Auditoria Sidecar: arte_ executado com sucesso.
2026-02-28 22:16:52,263 - JARVIS DAEMON - INFO - Executando Auditoria Sidecar: wappi (c:\Users\pietr\OneDrive\.vscode\wappi\JARVIS\audit.py)...
2026-02-28 22:17:43,967 - JARVIS DAEMON - INFO - \u2705 Auditoria Sidecar: wappi executado com sucesso.
2026-02-28 22:17:43,976 - JARVIS DAEMON - INFO - --- Ciclo de Monitoramento Contínuo Finalizado ---
2026-02-28 22:47:44,175 - JARVIS DAEMON - INFO - --- Iniciando Ciclo de Monitoramento Contínuo ---
2026-02-28 22:47:44,325 - JARVIS DAEMON - INFO - Executando Pipeline Sentinel (Trello/Licitei) (c:\Users\pietr\OneDrive\.vscode\JARVIS\cos\engine\pipeline_sentinel.py)...
2026-02-28 22:47:45,249 - JARVIS DAEMON - INFO - \u2705 Pipeline Sentinel (Trello/Licitei) executado com sucesso.
2026-02-28 22:47:45,263 - JARVIS DAEMON - INFO - Executando Auditoria Sidecar: arte_ (c:\Users\pietr\OneDrive\.vscode\arte_\JARVIS\audit.py)...
2026-02-28 22:48:09,462 - JARVIS DAEMON - INFO - \u2705 Auditoria Sidecar: arte_ executado com sucesso.
2026-02-28 22:48:09,464 - JARVIS DAEMON - INFO - Executando Auditoria Sidecar: wappi (c:\Users\pietr\OneDrive\.vscode\wappi\JARVIS\audit.py)...
2026-02-28 22:49:11,427 - JARVIS DAEMON - INFO - \u2705 Auditoria Sidecar: wappi executado com sucesso.
2026-02-28 22:49:11,436 - JARVIS DAEMON - INFO - --- Ciclo de Monitoramento Contínuo Finalizado ---
2026-02-28 23:19:11,658 - JARVIS DAEMON - INFO - --- Iniciando Ciclo de Monitoramento Contínuo ---
2026-02-28 23:19:11,738 - JARVIS DAEMON - INFO - Executando Pipeline Sentinel (Trello/Licitei) (c:\Users\pietr\OneDrive\.vscode\JARVIS\cos\engine\pipeline_sentinel.py)...
2026-02-28 23:19:12,722 - JARVIS DAEMON - INFO - \u2705 Pipeline Sentinel (Trello/Licitei) executado com sucesso.
2026-02-28 23:19:12,759 - JARVIS DAEMON - INFO - Executando Auditoria Sidecar: arte_ (c:\Users\pietr\OneDrive\.vscode\arte_\JARVIS\audit.py)...
2026-02-28 23:19:31,094 - JARVIS DAEMON - INFO - \u2705 Auditoria Sidecar: arte_ executado com sucesso.
2026-02-28 23:19:31,096 - JARVIS DAEMON - INFO - Executando Auditoria Sidecar: wappi (c:\Users\pietr\OneDrive\.vscode\wappi\JARVIS\audit.py)...
2026-02-28 23:20:13,257 - JARVIS DAEMON - INFO - \u2705 Auditoria Sidecar: wappi executado com sucesso.
2026-02-28 23:20:13,269 - JARVIS DAEMON - INFO - --- Ciclo de Monitoramento Contínuo Finalizado ---
2026-02-28 23:50:13,311 - JARVIS DAEMON - INFO - --- Iniciando Ciclo de Monitoramento Contínuo ---
2026-02-28 23:50:13,313 - JARVIS DAEMON - INFO - Executando Pipeline Sentinel (Trello/Licitei) (c:\Users\pietr\OneDrive\.vscode\JARVIS\cos\engine\pipeline_sentinel.py)...
2026-02-28 23:50:14,467 - JARVIS DAEMON - INFO - \u2705 Pipeline Sentinel (Trello/Licitei) executado com sucesso.
2026-02-28 23:50:14,488 - JARVIS DAEMON - INFO - Executando Auditoria Sidecar: arte_ (c:\Users\pietr\OneDrive\.vscode\arte_\JARVIS\audit.py)...
2026-02-28 23:50:32,874 - JARVIS DAEMON - INFO - \u2705 Auditoria Sidecar: arte_ executado com sucesso.
2026-02-28 23:50:32,874 - JARVIS DAEMON - INFO - Executando Auditoria Sidecar: wappi (c:\Users\pietr\OneDrive\.vscode\wappi\JARVIS\audit.py)...
2026-02-28 23:51:15,585 - JARVIS DAEMON - INFO - \u2705 Auditoria Sidecar: wappi executado com sucesso.
2026-02-28 23:51:15,592 - JARVIS DAEMON - INFO - --- Ciclo de Monitoramento Contínuo Finalizado ---
2026-03-01 00:21:15,684 - JARVIS DAEMON - INFO - --- Iniciando Ciclo de Monitoramento Contínuo ---
2026-03-01 00:21:15,734 - JARVIS DAEMON - INFO - Executando Pipeline Sentinel (Trello/Licitei) (c:\Users\pietr\OneDrive\.vscode\JARVIS\cos\engine\pipeline_sentinel.py)...
2026-03-01 00:21:16,341 - JARVIS DAEMON - INFO - \u2705 Pipeline Sentinel (Trello/Licitei) executado com sucesso.
2026-03-01 00:21:16,353 - JARVIS DAEMON - INFO - Executando Auditoria Sidecar: arte_ (c:\Users\pietr\OneDrive\.vscode\arte_\JARVIS\audit.py)...
2026-03-01 00:21:32,411 - JARVIS DAEMON - INFO - \u2705 Auditoria Sidecar: arte_ executado com sucesso.
2026-03-01 00:21:32,450 - JARVIS DAEMON - INFO - Executando Auditoria Sidecar: wappi (c:\Users\pietr\OneDrive\.vscode\wappi\JARVIS\audit.py)...
2026-03-01 00:22:09,741 - JARVIS DAEMON - INFO - \u2705 Auditoria Sidecar: wappi executado com sucesso.
2026-03-01 00:22:09,754 - JARVIS DAEMON - INFO - --- Ciclo de Monitoramento Contínuo Finalizado ---
2026-03-01 00:52:10,245 - JARVIS DAEMON - INFO - --- Iniciando Ciclo de Monitoramento Contínuo ---
2026-03-01 00:52:10,323 - JARVIS DAEMON - INFO - Executando Pipeline Sentinel (Trello/Licitei) (c:\Users\pietr\OneDrive\.vscode\JARVIS\cos\engine\pipeline_sentinel.py)...
2026-03-01 00:52:11,275 - JARVIS DAEMON - INFO - \u2705 Pipeline Sentinel (Trello/Licitei) executado com sucesso.
2026-03-01 00:52:11,342 - JARVIS DAEMON - INFO - Executando Auditoria Sidecar: arte_ (c:\Users\pietr\OneDrive\.vscode\arte_\JARVIS\audit.py)...
2026-03-01 00:52:43,089 - JARVIS DAEMON - INFO - \u2705 Auditoria Sidecar: arte_ executado com sucesso.
2026-03-01 00:52:43,090 - JARVIS DAEMON - INFO - Executando Auditoria Sidecar: wappi (c:\Users\pietr\OneDrive\.vscode\wappi\JARVIS\audit.py)...
2026-03-01 00:54:23,652 - JARVIS DAEMON - INFO - \u2705 Auditoria Sidecar: wappi executado com sucesso.
2026-03-01 00:54:23,656 - JARVIS DAEMON - INFO - --- Ciclo de Monitoramento Contínuo Finalizado ---
2026-03-01 01:24:23,850 - JARVIS DAEMON - INFO - --- Iniciando Ciclo de Monitoramento Contínuo ---
2026-03-01 01:24:23,851 - JARVIS DAEMON - INFO - Executando Pipeline Sentinel (Trello/Licitei) (c:\Users\pietr\OneDrive\.vscode\JARVIS\cos\engine\pipeline_sentinel.py)...
2026-03-01 01:24:24,481 - JARVIS DAEMON - INFO - \u2705 Pipeline Sentinel (Trello/Licitei) executado com sucesso.
2026-03-01 01:24:24,498 - JARVIS DAEMON - INFO - Executando Auditoria Sidecar: arte_ (c:\Users\pietr\OneDrive\.vscode\arte_\JARVIS\audit.py)...
2026-03-01 01:24:51,041 - JARVIS DAEMON - INFO - \u2705 Auditoria Sidecar: arte_ executado com sucesso.
2026-03-01 01:24:51,060 - JARVIS DAEMON - INFO - Executando Auditoria Sidecar: wappi (c:\Users\pietr\OneDrive\.vscode\wappi\JARVIS\audit.py)...
2026-03-01 01:25:51,625 - JARVIS DAEMON - INFO - \u2705 Auditoria Sidecar: wappi executado com sucesso.
2026-03-01 01:25:51,631 - JARVIS DAEMON - INFO - --- Ciclo de Monitoramento Contínuo Finalizado ---
2026-03-01 03:37:13,801 - JARVIS DAEMON - INFO - --- Iniciando Ciclo de Monitoramento Contínuo ---
2026-03-01 03:37:13,802 - JARVIS DAEMON - INFO - Executando Pipeline Sentinel (Trello/Licitei) (c:\Users\pietr\OneDrive\.vscode\JARVIS\cos\engine\pipeline_sentinel.py)...
2026-03-01 17:36:46,737 - JARVIS DAEMON - INFO - \u2705 Pipeline Sentinel (Trello/Licitei) executado com sucesso.
2026-03-01 17:36:46,743 - JARVIS DAEMON - INFO - Executando Auditoria Sidecar: arte_ (c:\Users\pietr\OneDrive\.vscode\arte_\JARVIS\audit.py)...
2026-03-01 17:37:02,904 - JARVIS DAEMON - INFO - \u2705 Auditoria Sidecar: arte_ executado com sucesso.
2026-03-01 17:37:02,905 - JARVIS DAEMON - INFO - Executando Auditoria Sidecar: wappi (c:\Users\pietr\OneDrive\.vscode\wappi\JARVIS\audit.py)...
2026-03-01 17:37:18,800 - JARVIS DAEMON - INFO - \u2705 Auditoria Sidecar: wappi executado com sucesso.
2026-03-01 17:37:18,801 - JARVIS DAEMON - INFO - --- Ciclo de Monitoramento Contínuo Finalizado ---
2026-03-01 17:38:18,809 - JARVIS DAEMON - INFO - Executando Morning Briefing (c:\Users\pietr\OneDrive\.vscode\JARVIS\cos\briefings\morning_brief.py)...
2026-03-01 17:38:47,601 - JARVIS DAEMON - INFO - \u2705 Morning Briefing executado com sucesso.
2026-03-01 17:38:47,604 - JARVIS DAEMON - INFO - Executando Midday Check (c:\Users\pietr\OneDrive\.vscode\JARVIS\cos\briefings\midday_check.py)...
2026-03-01 17:39:02,248 - JARVIS DAEMON - INFO - \u2705 Midday Check executado com sucesso.
2026-03-01 17:39:02,249 - JARVIS DAEMON - INFO - Executando Predictive Engine (c:\Users\pietr\OneDrive\.vscode\JARVIS\cos\engine\predictive_engine.py)...
2026-03-01 17:39:02,471 - JARVIS DAEMON - INFO - \u2705 Predictive Engine executado com sucesso.
2026-03-01 18:08:02,673 - JARVIS DAEMON - INFO - --- Iniciando Ciclo de Monitoramento Contínuo ---
2026-03-01 18:08:02,836 - JARVIS DAEMON - INFO - Executando Pipeline Sentinel (Trello/Licitei) (c:\Users\pietr\OneDrive\.vscode\JARVIS\cos\engine\pipeline_sentinel.py)...
2026-03-01 18:08:03,965 - JARVIS DAEMON - INFO - \u2705 Pipeline Sentinel (Trello/Licitei) executado com sucesso.
2026-03-01 18:08:03,983 - JARVIS DAEMON - INFO - Executando Auditoria Sidecar: arte_ (c:\Users\pietr\OneDrive\.vscode\arte_\JARVIS\audit.py)...
2026-03-01 18:08:19,941 - JARVIS DAEMON - INFO - \u2705 Auditoria Sidecar: arte_ executado com sucesso.
2026-03-01 18:08:19,944 - JARVIS DAEMON - INFO - Executando Auditoria Sidecar: wappi (c:\Users\pietr\OneDrive\.vscode\wappi\JARVIS\audit.py)...
2026-03-01 18:09:16,364 - JARVIS DAEMON - INFO - \u2705 Auditoria Sidecar: wappi executado com sucesso.
2026-03-01 18:09:16,375 - JARVIS DAEMON - INFO - --- Ciclo de Monitoramento Contínuo Finalizado ---
2026-03-01 18:39:16,477 - JARVIS DAEMON - INFO - --- Iniciando Ciclo de Monitoramento Contínuo ---
2026-03-01 18:39:16,556 - JARVIS DAEMON - INFO - Executando Pipeline Sentinel (Trello/Licitei) (c:\Users\pietr\OneDrive\.vscode\JARVIS\cos\engine\pipeline_sentinel.py)...
2026-03-01 18:39:17,228 - JARVIS DAEMON - INFO - \u2705 Pipeline Sentinel (Trello/Licitei) executado com sucesso.
2026-03-01 18:39:17,254 - JARVIS DAEMON - INFO - Executando Auditoria Sidecar: arte_ (c:\Users\pietr\OneDrive\.vscode\arte_\JARVIS\audit.py)...
2026-03-01 18:39:37,705 - JARVIS DAEMON - INFO - \u2705 Auditoria Sidecar: arte_ executado com sucesso.
2026-03-01 18:39:37,707 - JARVIS DAEMON - INFO - Executando Auditoria Sidecar: wappi (c:\Users\pietr\OneDrive\.vscode\wappi\JARVIS\audit.py)...
2026-03-01 18:41:29,016 - JARVIS DAEMON - INFO - \u2705 Auditoria Sidecar: wappi executado com sucesso.
2026-03-01 18:41:29,188 - JARVIS DAEMON - INFO - --- Ciclo de Monitoramento Contínuo Finalizado ---
2026-03-01 19:00:30,328 - JARVIS DAEMON - INFO - Executando Score Engine e EOD Audit (c:\Users\pietr\OneDrive\.vscode\JARVIS\cos\engine\score_engine.py)...
2026-03-01 19:00:32,994 - JARVIS DAEMON - INFO - \u2705 Score Engine e EOD Audit executado com sucesso.
2026-03-01 19:11:33,260 - JARVIS DAEMON - INFO - --- Iniciando Ciclo de Monitoramento Contínuo ---
2026-03-01 19:11:33,333 - JARVIS DAEMON - INFO - Executando Pipeline Sentinel (Trello/Licitei) (c:\Users\pietr\OneDrive\.vscode\JARVIS\cos\engine\pipeline_sentinel.py)...
2026-03-01 19:11:34,260 - JARVIS DAEMON - INFO - \u2705 Pipeline Sentinel (Trello/Licitei) executado com sucesso.
2026-03-01 19:11:34,289 - JARVIS DAEMON - INFO - Executando Auditoria Sidecar: arte_ (c:\Users\pietr\OneDrive\.vscode\arte_\JARVIS\audit.py)...
2026-03-01 19:11:51,201 - JARVIS DAEMON - INFO - \u2705 Auditoria Sidecar: arte_ executado com sucesso.
2026-03-01 19:11:51,203 - JARVIS DAEMON - INFO - Executando Auditoria Sidecar: wappi (c:\Users\pietr\OneDrive\.vscode\wappi\JARVIS\audit.py)...
2026-03-01 19:12:52,089 - JARVIS DAEMON - INFO - \u2705 Auditoria Sidecar: wappi executado com sucesso.
2026-03-01 19:12:52,136 - JARVIS DAEMON - INFO - --- Ciclo de Monitoramento Contínuo Finalizado ---
2026-03-01 19:42:52,260 - JARVIS DAEMON - INFO - --- Iniciando Ciclo de Monitoramento Contínuo ---
2026-03-01 19:42:52,280 - JARVIS DAEMON - INFO - Executando Pipeline Sentinel (Trello/Licitei) (c:\Users\pietr\OneDrive\.vscode\JARVIS\cos\engine\pipeline_sentinel.py)...
2026-03-01 19:42:54,034 - JARVIS DAEMON - INFO - \u2705 Pipeline Sentinel (Trello/Licitei) executado com sucesso.
2026-03-01 19:42:54,047 - JARVIS DAEMON - INFO - Executando Auditoria Sidecar: arte_ (c:\Users\pietr\OneDrive\.vscode\arte_\JARVIS\audit.py)...
2026-03-01 19:43:25,525 - JARVIS DAEMON - INFO - \u2705 Auditoria Sidecar: arte_ executado com sucesso.
2026-03-01 19:43:25,528 - JARVIS DAEMON - INFO - Executando Auditoria Sidecar: wappi (c:\Users\pietr\OneDrive\.vscode\wappi\JARVIS\audit.py)...
2026-03-01 19:44:49,193 - JARVIS DAEMON - INFO - \u2705 Auditoria Sidecar: wappi executado com sucesso.
2026-03-01 19:44:49,292 - JARVIS DAEMON - INFO - --- Ciclo de Monitoramento Contínuo Finalizado ---
2026-03-01 20:14:49,395 - JARVIS DAEMON - INFO - --- Iniciando Ciclo de Monitoramento Contínuo ---
2026-03-01 20:14:49,414 - JARVIS DAEMON - INFO - Executando Pipeline Sentinel (Trello/Licitei) (c:\Users\pietr\OneDrive\.vscode\JARVIS\cos\engine\pipeline_sentinel.py)...
2026-03-01 20:14:50,417 - JARVIS DAEMON - INFO - \u2705 Pipeline Sentinel (Trello/Licitei) executado com sucesso.
2026-03-01 20:14:50,446 - JARVIS DAEMON - INFO - Executando Auditoria Sidecar: arte_ (c:\Users\pietr\OneDrive\.vscode\arte_\JARVIS\audit.py)...
2026-03-01 20:15:31,273 - JARVIS DAEMON - INFO - \u2705 Auditoria Sidecar: arte_ executado com sucesso.
2026-03-01 20:15:31,276 - JARVIS DAEMON - INFO - Executando Auditoria Sidecar: wappi (c:\Users\pietr\OneDrive\.vscode\wappi\JARVIS\audit.py)...
2026-03-01 20:16:44,642 - JARVIS DAEMON - INFO - \u2705 Auditoria Sidecar: wappi executado com sucesso.
2026-03-01 20:16:44,765 - JARVIS DAEMON - INFO - --- Ciclo de Monitoramento Contínuo Finalizado ---
2026-03-01 20:46:44,825 - JARVIS DAEMON - INFO - --- Iniciando Ciclo de Monitoramento Contínuo ---
2026-03-01 20:46:44,846 - JARVIS DAEMON - INFO - Executando Pipeline Sentinel (Trello/Licitei) (c:\Users\pietr\OneDrive\.vscode\JARVIS\cos\engine\pipeline_sentinel.py)...
2026-03-01 20:46:45,298 - JARVIS DAEMON - INFO - \u2705 Pipeline Sentinel (Trello/Licitei) executado com sucesso.
2026-03-01 20:46:45,309 - JARVIS DAEMON - INFO - Executando Auditoria Sidecar: arte_ (c:\Users\pietr\OneDrive\.vscode\arte_\JARVIS\audit.py)...
2026-03-01 20:47:09,474 - JARVIS DAEMON - INFO - \u2705 Auditoria Sidecar: arte_ executado com sucesso.
2026-03-01 20:47:09,476 - JARVIS DAEMON - INFO - Executando Auditoria Sidecar: wappi (c:\Users\pietr\OneDrive\.vscode\wappi\JARVIS\audit.py)...
2026-03-01 20:47:57,585 - JARVIS DAEMON - INFO - \u2705 Auditoria Sidecar: wappi executado com sucesso.
2026-03-01 20:47:57,598 - JARVIS DAEMON - INFO - --- Ciclo de Monitoramento Contínuo Finalizado ---
2026-03-01 21:17:58,108 - JARVIS DAEMON - INFO - --- Iniciando Ciclo de Monitoramento Contínuo ---
2026-03-01 21:17:58,122 - JARVIS DAEMON - INFO - Executando Pipeline Sentinel (Trello/Licitei) (c:\Users\pietr\OneDrive\.vscode\JARVIS\cos\engine\pipeline_sentinel.py)...
2026-03-01 21:17:58,471 - JARVIS DAEMON - INFO - \u2705 Pipeline Sentinel (Trello/Licitei) executado com sucesso.
2026-03-01 21:17:58,479 - JARVIS DAEMON - INFO - Executando Auditoria Sidecar: arte_ (c:\Users\pietr\OneDrive\.vscode\arte_\JARVIS\audit.py)...
2026-03-01 21:18:08,037 - JARVIS DAEMON - INFO - \u2705 Auditoria Sidecar: arte_ executado com sucesso.
2026-03-01 21:18:08,038 - JARVIS DAEMON - INFO - Executando Auditoria Sidecar: wappi (c:\Users\pietr\OneDrive\.vscode\wappi\JARVIS\audit.py)...
2026-03-01 21:18:30,272 - JARVIS DAEMON - INFO - \u2705 Auditoria Sidecar: wappi executado com sucesso.
2026-03-01 21:18:30,282 - JARVIS DAEMON - INFO - --- Ciclo de Monitoramento Contínuo Finalizado ---
2026-03-01 21:48:30,406 - JARVIS DAEMON - INFO - --- Iniciando Ciclo de Monitoramento Contínuo ---
2026-03-01 21:48:30,450 - JARVIS DAEMON - INFO - Executando Pipeline Sentinel (Trello/Licitei) (c:\Users\pietr\OneDrive\.vscode\JARVIS\cos\engine\pipeline_sentinel.py)...
2026-03-01 21:48:31,045 - JARVIS DAEMON - INFO - \u2705 Pipeline Sentinel (Trello/Licitei) executado com sucesso.
2026-03-01 21:48:31,081 - JARVIS DAEMON - INFO - Executando Auditoria Sidecar: arte_ (c:\Users\pietr\OneDrive\.vscode\arte_\JARVIS\audit.py)...
2026-03-01 21:49:00,209 - JARVIS DAEMON - INFO - \u2705 Auditoria Sidecar: arte_ executado com sucesso.
2026-03-01 21:49:00,257 - JARVIS DAEMON - INFO - Executando Auditoria Sidecar: wappi (c:\Users\pietr\OneDrive\.vscode\wappi\JARVIS\audit.py)...
2026-03-01 21:49:46,820 - JARVIS DAEMON - INFO - \u2705 Auditoria Sidecar: wappi executado com sucesso.
2026-03-01 21:49:46,836 - JARVIS DAEMON - INFO - --- Ciclo de Monitoramento Contínuo Finalizado ---
2026-03-01 22:19:48,288 - JARVIS DAEMON - INFO - --- Iniciando Ciclo de Monitoramento Contínuo ---
2026-03-01 22:19:48,332 - JARVIS DAEMON - INFO - Executando Pipeline Sentinel (Trello/Licitei) (c:\Users\pietr\OneDrive\.vscode\JARVIS\cos\engine\pipeline_sentinel.py)...
2026-03-01 22:19:48,918 - JARVIS DAEMON - INFO - \u2705 Pipeline Sentinel (Trello/Licitei) executado com sucesso.
2026-03-01 22:19:48,933 - JARVIS DAEMON - INFO - Executando Auditoria Sidecar: arte_ (c:\Users\pietr\OneDrive\.vscode\arte_\JARVIS\audit.py)...
2026-03-01 22:20:12,167 - JARVIS DAEMON - INFO - \u2705 Auditoria Sidecar: arte_ executado com sucesso.
2026-03-01 22:20:12,181 - JARVIS DAEMON - INFO - Executando Auditoria Sidecar: wappi (c:\Users\pietr\OneDrive\.vscode\wappi\JARVIS\audit.py)...
2026-03-01 22:21:10,257 - JARVIS DAEMON - INFO - \u2705 Auditoria Sidecar: wappi executado com sucesso.
2026-03-01 22:21:10,461 - JARVIS DAEMON - INFO - --- Ciclo de Monitoramento Contínuo Finalizado ---
2026-03-01 22:51:11,462 - JARVIS DAEMON - INFO - --- Iniciando Ciclo de Monitoramento Contínuo ---
2026-03-01 22:51:11,591 - JARVIS DAEMON - INFO - Executando Pipeline Sentinel (Trello/Licitei) (c:\Users\pietr\OneDrive\.vscode\JARVIS\cos\engine\pipeline_sentinel.py)...
2026-03-01 22:51:17,231 - JARVIS DAEMON - INFO - \u2705 Pipeline Sentinel (Trello/Licitei) executado com sucesso.
2026-03-01 22:51:17,416 - JARVIS DAEMON - INFO - Executando Auditoria Sidecar: arte_ (c:\Users\pietr\OneDrive\.vscode\arte_\JARVIS\audit.py)...
2026-03-01 22:51:52,247 - JARVIS DAEMON - INFO - \u2705 Auditoria Sidecar: arte_ executado com sucesso.
2026-03-01 22:51:52,248 - JARVIS DAEMON - INFO - Executando Auditoria Sidecar: wappi (c:\Users\pietr\OneDrive\.vscode\wappi\JARVIS\audit.py)...
2026-03-01 22:52:52,414 - JARVIS DAEMON - INFO - \u2705 Auditoria Sidecar: wappi executado com sucesso.
2026-03-01 22:52:52,447 - JARVIS DAEMON - INFO - --- Ciclo de Monitoramento Contínuo Finalizado ---
2026-03-01 23:22:52,700 - JARVIS DAEMON - INFO - --- Iniciando Ciclo de Monitoramento Contínuo ---
2026-03-01 23:22:52,740 - JARVIS DAEMON - INFO - Executando Pipeline Sentinel (Trello/Licitei) (c:\Users\pietr\OneDrive\.vscode\JARVIS\cos\engine\pipeline_sentinel.py)...
2026-03-01 23:22:53,759 - JARVIS DAEMON - INFO - \u2705 Pipeline Sentinel (Trello/Licitei) executado com sucesso.
2026-03-01 23:22:53,775 - JARVIS DAEMON - INFO - Executando Auditoria Sidecar: arte_ (c:\Users\pietr\OneDrive\.vscode\arte_\JARVIS\audit.py)...
2026-03-01 23:23:16,106 - JARVIS DAEMON - INFO - \u2705 Auditoria Sidecar: arte_ executado com sucesso.
2026-03-01 23:23:16,107 - JARVIS DAEMON - INFO - Executando Auditoria Sidecar: wappi (c:\Users\pietr\OneDrive\.vscode\wappi\JARVIS\audit.py)...
2026-03-01 23:23:53,824 - JARVIS DAEMON - INFO - \u2705 Auditoria Sidecar: wappi executado com sucesso.
2026-03-01 23:23:53,833 - JARVIS DAEMON - INFO - --- Ciclo de Monitoramento Contínuo Finalizado ---
2026-03-01 23:53:54,042 - JARVIS DAEMON - INFO - --- Iniciando Ciclo de Monitoramento Contínuo ---
2026-03-01 23:53:54,067 - JARVIS DAEMON - INFO - Executando Pipeline Sentinel (Trello/Licitei) (c:\Users\pietr\OneDrive\.vscode\JARVIS\cos\engine\pipeline_sentinel.py)...
2026-03-01 23:53:54,349 - JARVIS DAEMON - INFO - \u2705 Pipeline Sentinel (Trello/Licitei) executado com sucesso.
2026-03-01 23:53:54,360 - JARVIS DAEMON - INFO - Executando Auditoria Sidecar: arte_ (c:\Users\pietr\OneDrive\.vscode\arte_\JARVIS\audit.py)...
2026-03-01 23:54:00,058 - JARVIS DAEMON - INFO - \u2705 Auditoria Sidecar: arte_ executado com sucesso.
2026-03-01 23:54:00,059 - JARVIS DAEMON - INFO - Executando Auditoria Sidecar: wappi (c:\Users\pietr\OneDrive\.vscode\wappi\JARVIS\audit.py)...
2026-03-01 23:54:18,256 - JARVIS DAEMON - INFO - \u2705 Auditoria Sidecar: wappi executado com sucesso.
2026-03-01 23:54:18,259 - JARVIS DAEMON - INFO - --- Ciclo de Monitoramento Contínuo Finalizado ---
2026-03-02 00:24:18,279 - JARVIS DAEMON - INFO - --- Iniciando Ciclo de Monitoramento Contínuo ---
2026-03-02 00:24:18,286 - JARVIS DAEMON - INFO - Executando Pipeline Sentinel (Trello/Licitei) (c:\Users\pietr\OneDrive\.vscode\JARVIS\cos\engine\pipeline_sentinel.py)...
2026-03-02 00:24:18,826 - JARVIS DAEMON - INFO - \u2705 Pipeline Sentinel (Trello/Licitei) executado com sucesso.
2026-03-02 00:24:18,833 - JARVIS DAEMON - INFO - Executando Auditoria Sidecar: arte_ (c:\Users\pietr\OneDrive\.vscode\arte_\JARVIS\audit.py)...
2026-03-02 00:24:31,873 - JARVIS DAEMON - INFO - \u2705 Auditoria Sidecar: arte_ executado com sucesso.
2026-03-02 00:24:31,874 - JARVIS DAEMON - INFO - Executando Auditoria Sidecar: wappi (c:\Users\pietr\OneDrive\.vscode\wappi\JARVIS\audit.py)...
2026-03-02 00:24:56,317 - JARVIS DAEMON - INFO - \u2705 Auditoria Sidecar: wappi executado com sucesso.
2026-03-02 00:24:56,320 - JARVIS DAEMON - INFO - --- Ciclo de Monitoramento Contínuo Finalizado ---
2026-03-02 00:54:56,390 - JARVIS DAEMON - INFO - --- Iniciando Ciclo de Monitoramento Contínuo ---
2026-03-02 00:54:56,416 - JARVIS DAEMON - INFO - Executando Pipeline Sentinel (Trello/Licitei) (c:\Users\pietr\OneDrive\.vscode\JARVIS\cos\engine\pipeline_sentinel.py)...
2026-03-02 00:54:56,537 - JARVIS DAEMON - INFO - \u2705 Pipeline Sentinel (Trello/Licitei) executado com sucesso.
2026-03-02 00:54:56,543 - JARVIS DAEMON - INFO - Executando Auditoria Sidecar: arte_ (c:\Users\pietr\OneDrive\.vscode\arte_\JARVIS\audit.py)...
2026-03-02 00:54:59,441 - JARVIS DAEMON - INFO - \u2705 Auditoria Sidecar: arte_ executado com sucesso.
2026-03-02 00:54:59,442 - JARVIS DAEMON - INFO - Executando Auditoria Sidecar: wappi (c:\Users\pietr\OneDrive\.vscode\wappi\JARVIS\audit.py)...
2026-03-02 00:55:09,697 - JARVIS DAEMON - INFO - \u2705 Auditoria Sidecar: wappi executado com sucesso.
2026-03-02 00:55:09,699 - JARVIS DAEMON - INFO - --- Ciclo de Monitoramento Contínuo Finalizado ---
