2026-03-03 00:00:10 - [WATCHDOG] - --- Master Watchdog JARVIS Iniciado ---
2026-03-03 00:00:10 - [WATCHDOG] - Auditoria JARVIS: 0 logs json modificados no ultimo minuto.
2026-03-03 00:01:10 - [WATCHDOG] - Auditoria JARVIS: 0 logs json modificados no ultimo minuto.
2026-03-03 00:02:10 - [WATCHDOG] - Auditoria JARVIS: 0 logs json modificados no ultimo minuto.
2026-03-03 00:03:10 - [WATCHDOG] - Auditoria JARVIS: 0 logs json modificados no ultimo minuto.
2026-03-03 00:04:10 - [WATCHDOG] - Auditoria JARVIS: 0 logs json modificados no ultimo minuto.
2026-03-03 00:05:10 - [WATCHDOG] - Auditoria JARVIS: 0 logs json modificados no ultimo minuto.
2026-03-03 00:06:10 - [WATCHDOG] - Auditoria JARVIS: 0 logs json modificados no ultimo minuto.
2026-03-03 00:07:10 - [WATCHDOG] - Auditoria JARVIS: 0 logs json modificados no ultimo minuto.
2026-03-03 00:08:10 - [WATCHDOG] - Auditoria JARVIS: 0 logs json modificados no ultimo minuto.
2026-03-03 00:09:10 - [WATCHDOG] - Auditoria JARVIS: 0 logs json modificados no ultimo minuto.
2026-03-03 00:10:10 - [WATCHDOG] - Auditoria JARVIS: 0 logs json modificados no ultimo minuto.
2026-03-03 00:11:10 - [WATCHDOG] - Auditoria JARVIS: 0 logs json modificados no ultimo minuto.
2026-03-03 00:12:10 - [WATCHDOG] - Auditoria JARVIS: 0 logs json modificados no ultimo minuto.
2026-03-03 00:13:10 - [WATCHDOG] - Auditoria JARVIS: 0 logs json modificados no ultimo minuto.
2026-03-03 00:14:10 - [WATCHDOG] - Auditoria JARVIS: 0 logs json modificados no ultimo minuto.
2026-03-03 00:15:10 - [WATCHDOG] - Auditoria JARVIS: 0 logs json modificados no ultimo minuto.
2026-03-03 00:16:10 - [WATCHDOG] - Auditoria JARVIS: 0 logs json modificados no ultimo minuto.
2026-03-03 00:17:10 - [WATCHDOG] - Auditoria JARVIS: 0 logs json modificados no ultimo minuto.
2026-03-03 00:18:10 - [WATCHDOG] - Auditoria JARVIS: 0 logs json modificados no ultimo minuto.
2026-03-03 00:19:10 - [WATCHDOG] - Auditoria JARVIS: 0 logs json modificados no ultimo minuto.
2026-03-03 00:20:11 - [WATCHDOG] - Auditoria JARVIS: 0 logs json modificados no ultimo minuto.
2026-03-03 00:21:11 - [WATCHDOG] - Auditoria JARVIS: 0 logs json modificados no ultimo minuto.
2026-03-03 00:22:11 - [WATCHDOG] - Auditoria JARVIS: 0 logs json modificados no ultimo minuto.
2026-03-03 00:23:11 - [WATCHDOG] - Auditoria JARVIS: 0 logs json modificados no ultimo minuto.
2026-03-03 00:24:11 - [WATCHDOG] - Auditoria JARVIS: 0 logs json modificados no ultimo minuto.
2026-03-03 00:25:11 - [WATCHDOG] - Auditoria JARVIS: 0 logs json modificados no ultimo minuto.
2026-03-03 00:26:11 - [WATCHDOG] - Auditoria JARVIS: 0 logs json modificados no ultimo minuto.
2026-03-03 00:27:11 - [WATCHDOG] - Auditoria JARVIS: 0 logs json modificados no ultimo minuto.
2026-03-03 00:28:11 - [WATCHDOG] - Auditoria JARVIS: 0 logs json modificados no ultimo minuto.
2026-03-03 00:29:11 - [WATCHDOG] - Auditoria JARVIS: 0 logs json modificados no ultimo minuto.
2026-03-03 00:30:11 - [WATCHDOG] - Auditoria JARVIS: 0 logs json modificados no ultimo minuto.
2026-03-03 00:31:14 - [WATCHDOG] - Auditoria JARVIS: 0 logs json modificados no ultimo minuto.
2026-03-03 00:32:14 - [WATCHDOG] - Auditoria JARVIS: 0 logs json modificados no ultimo minuto.
2026-03-03 00:33:15 - [WATCHDOG] - Auditoria JARVIS: 0 logs json modificados no ultimo minuto.
2026-03-03 00:34:15 - [WATCHDOG] - Auditoria JARVIS: 0 logs json modificados no ultimo minuto.
2026-03-03 00:35:16 - [WATCHDOG] - Auditoria JARVIS: 0 logs json modificados no ultimo minuto.
2026-03-03 00:36:18 - [WATCHDOG] - Auditoria JARVIS: 0 logs json modificados no ultimo minuto.
2026-03-03 00:37:19 - [WATCHDOG] - Auditoria JARVIS: 0 logs json modificados no ultimo minuto.
2026-03-03 00:38:19 - [WATCHDOG] - Auditoria JARVIS: 0 logs json modificados no ultimo minuto.
2026-03-03 00:39:19 - [WATCHDOG] - Auditoria JARVIS: 0 logs json modificados no ultimo minuto.
2026-03-03 00:40:20 - [WATCHDOG] - Auditoria JARVIS: 0 logs json modificados no ultimo minuto.
2026-03-03 00:41:20 - [WATCHDOG] - Auditoria JARVIS: 0 logs json modificados no ultimo minuto.
2026-03-03 00:42:20 - [WATCHDOG] - Auditoria JARVIS: 0 logs json modificados no ultimo minuto.
2026-03-03 00:43:20 - [WATCHDOG] - Auditoria JARVIS: 0 logs json modificados no ultimo minuto.
2026-03-03 00:44:20 - [WATCHDOG] - Auditoria JARVIS: 0 logs json modificados no ultimo minuto.
2026-03-03 00:45:20 - [WATCHDOG] - Auditoria JARVIS: 0 logs json modificados no ultimo minuto.
2026-03-03 00:46:20 - [WATCHDOG] - Auditoria JARVIS: 0 logs json modificados no ultimo minuto.
2026-03-03 00:47:20 - [WATCHDOG] - Auditoria JARVIS: 0 logs json modificados no ultimo minuto.
2026-03-03 00:48:20 - [WATCHDOG] - Auditoria JARVIS: 0 logs json modificados no ultimo minuto.
2026-03-03 00:49:20 - [WATCHDOG] - Auditoria JARVIS: 0 logs json modificados no ultimo minuto.
2026-03-03 00:50:20 - [WATCHDOG] - Auditoria JARVIS: 0 logs json modificados no ultimo minuto.
2026-03-03 00:51:20 - [WATCHDOG] - Auditoria JARVIS: 0 logs json modificados no ultimo minuto.
2026-03-03 00:52:20 - [WATCHDOG] - Auditoria JARVIS: 0 logs json modificados no ultimo minuto.
2026-03-03 00:53:20 - [WATCHDOG] - Auditoria JARVIS: 0 logs json modificados no ultimo minuto.
2026-03-03 00:54:20 - [WATCHDOG] - Auditoria JARVIS: 0 logs json modificados no ultimo minuto.
2026-03-03 00:55:20 - [WATCHDOG] - Auditoria JARVIS: 0 logs json modificados no ultimo minuto.
2026-03-03 00:56:20 - [WATCHDOG] - Auditoria JARVIS: 0 logs json modificados no ultimo minuto.
2026-03-03 00:57:20 - [WATCHDOG] - Auditoria JARVIS: 0 logs json modificados no ultimo minuto.
2026-03-03 00:58:20 - [WATCHDOG] - Auditoria JARVIS: 0 logs json modificados no ultimo minuto.
2026-03-03 00:59:20 - [WATCHDOG] - Auditoria JARVIS: 0 logs json modificados no ultimo minuto.
2026-03-03 01:00:20 - [WATCHDOG] - Auditoria JARVIS: 0 logs json modificados no ultimo minuto.
2026-03-03 01:01:20 - [WATCHDOG] - Auditoria JARVIS: 0 logs json modificados no ultimo minuto.
2026-03-03 01:02:20 - [WATCHDOG] - Auditoria JARVIS: 0 logs json modificados no ultimo minuto.
2026-03-03 01:03:20 - [WATCHDOG] - Auditoria JARVIS: 0 logs json modificados no ultimo minuto.
2026-03-03 01:04:20 - [WATCHDOG] - Auditoria JARVIS: 0 logs json modificados no ultimo minuto.
2026-03-03 01:05:20 - [WATCHDOG] - Auditoria JARVIS: 0 logs json modificados no ultimo minuto.
2026-03-03 01:06:20 - [WATCHDOG] - Auditoria JARVIS: 0 logs json modificados no ultimo minuto.
2026-03-03 01:07:20 - [WATCHDOG] - Auditoria JARVIS: 0 logs json modificados no ultimo minuto.
2026-03-03 01:08:20 - [WATCHDOG] - Auditoria JARVIS: 0 logs json modificados no ultimo minuto.
2026-03-03 01:09:20 - [WATCHDOG] - Auditoria JARVIS: 0 logs json modificados no ultimo minuto.
2026-03-03 01:10:20 - [WATCHDOG] - Auditoria JARVIS: 0 logs json modificados no ultimo minuto.
2026-03-03 01:11:20 - [WATCHDOG] - Auditoria JARVIS: 0 logs json modificados no ultimo minuto.
2026-03-03 01:12:20 - [WATCHDOG] - Auditoria JARVIS: 0 logs json modificados no ultimo minuto.
2026-03-03 01:13:20 - [WATCHDOG] - Auditoria JARVIS: 0 logs json modificados no ultimo minuto.
2026-03-03 01:14:20 - [WATCHDOG] - Auditoria JARVIS: 0 logs json modificados no ultimo minuto.
2026-03-03 01:15:20 - [WATCHDOG] - Auditoria JARVIS: 0 logs json modificados no ultimo minuto.
2026-03-03 01:16:21 - [WATCHDOG] - Auditoria JARVIS: 0 logs json modificados no ultimo minuto.
2026-03-03 01:17:21 - [WATCHDOG] - Auditoria JARVIS: 0 logs json modificados no ultimo minuto.
2026-03-03 01:18:21 - [WATCHDOG] - Auditoria JARVIS: 0 logs json modificados no ultimo minuto.
2026-03-03 01:19:21 - [WATCHDOG] - Auditoria JARVIS: 0 logs json modificados no ultimo minuto.
2026-03-03 01:20:21 - [WATCHDOG] - Auditoria JARVIS: 0 logs json modificados no ultimo minuto.
2026-03-03 01:21:21 - [WATCHDOG] - Auditoria JARVIS: 0 logs json modificados no ultimo minuto.
2026-03-03 01:22:21 - [WATCHDOG] - Auditoria JARVIS: 0 logs json modificados no ultimo minuto.
2026-03-03 01:23:21 - [WATCHDOG] - Auditoria JARVIS: 0 logs json modificados no ultimo minuto.
2026-03-03 01:24:21 - [WATCHDOG] - Auditoria JARVIS: 0 logs json modificados no ultimo minuto.
2026-03-03 01:25:21 - [WATCHDOG] - Auditoria JARVIS: 0 logs json modificados no ultimo minuto.
2026-03-03 01:26:21 - [WATCHDOG] - Auditoria JARVIS: 0 logs json modificados no ultimo minuto.
2026-03-03 01:27:21 - [WATCHDOG] - Auditoria JARVIS: 0 logs json modificados no ultimo minuto.
2026-03-03 01:28:21 - [WATCHDOG] - Auditoria JARVIS: 0 logs json modificados no ultimo minuto.
2026-03-03 01:29:21 - [WATCHDOG] - Auditoria JARVIS: 0 logs json modificados no ultimo minuto.
2026-03-03 01:30:21 - [WATCHDOG] - Auditoria JARVIS: 0 logs json modificados no ultimo minuto.
2026-03-03 01:31:21 - [WATCHDOG] - Auditoria JARVIS: 0 logs json modificados no ultimo minuto.
2026-03-03 01:32:21 - [WATCHDOG] - Auditoria JARVIS: 0 logs json modificados no ultimo minuto.
2026-03-03 01:33:21 - [WATCHDOG] - Auditoria JARVIS: 0 logs json modificados no ultimo minuto.
2026-03-03 01:34:21 - [WATCHDOG] - Auditoria JARVIS: 0 logs json modificados no ultimo minuto.
2026-03-03 01:35:21 - [WATCHDOG] - Auditoria JARVIS: 0 logs json modificados no ultimo minuto.
2026-03-03 01:36:21 - [WATCHDOG] - Auditoria JARVIS: 0 logs json modificados no ultimo minuto.
2026-03-03 01:37:21 - [WATCHDOG] - Auditoria JARVIS: 0 logs json modificados no ultimo minuto.
2026-03-03 01:38:21 - [WATCHDOG] - Auditoria JARVIS: 0 logs json modificados no ultimo minuto.
2026-03-03 01:39:21 - [WATCHDOG] - Auditoria JARVIS: 0 logs json modificados no ultimo minuto.
2026-03-03 01:40:21 - [WATCHDOG] - Auditoria JARVIS: 0 logs json modificados no ultimo minuto.
2026-03-03 01:41:21 - [WATCHDOG] - Auditoria JARVIS: 0 logs json modificados no ultimo minuto.
2026-03-03 01:42:21 - [WATCHDOG] - Auditoria JARVIS: 0 logs json modificados no ultimo minuto.
2026-03-03 01:43:21 - [WATCHDOG] - Auditoria JARVIS: 0 logs json modificados no ultimo minuto.
2026-03-03 01:44:21 - [WATCHDOG] - Auditoria JARVIS: 0 logs json modificados no ultimo minuto.
2026-03-03 01:45:24 - [WATCHDOG] - Auditoria JARVIS: 0 logs json modificados no ultimo minuto.
2026-03-03 01:46:28 - [WATCHDOG] - Auditoria JARVIS: 0 logs json modificados no ultimo minuto.
2026-03-03 01:47:28 - [WATCHDOG] - Auditoria JARVIS: 0 logs json modificados no ultimo minuto.
2026-03-03 01:48:28 - [WATCHDOG] - Auditoria JARVIS: 0 logs json modificados no ultimo minuto.
2026-03-03 01:49:29 - [WATCHDOG] - Auditoria JARVIS: 0 logs json modificados no ultimo minuto.
2026-03-03 01:50:29 - [WATCHDOG] - Auditoria JARVIS: 0 logs json modificados no ultimo minuto.
2026-03-03 01:50:30 - [WATCHDOG] - OpenClaw gateway (Petroll) offline. Iniciando...
2026-03-03 01:50:30 - [WATCHDOG] - Erro ao iniciar o OpenClaw: [WinError 2] O sistema năo pode encontrar o arquivo especificado
2026-03-03 01:51:30 - [WATCHDOG] - Auditoria JARVIS: 0 logs json modificados no ultimo minuto.
2026-03-03 01:51:31 - [WATCHDOG] - OpenClaw gateway (Petroll) offline. Iniciando...
2026-03-03 01:51:33 - [WATCHDOG] - Erro ao iniciar o OpenClaw: [WinError 2] O sistema năo pode encontrar o arquivo especificado
2026-03-03 01:52:33 - [WATCHDOG] - Auditoria JARVIS: 0 logs json modificados no ultimo minuto.
2026-03-03 01:52:34 - [WATCHDOG] - OpenClaw gateway (Petroll) offline. Iniciando...
2026-03-03 01:52:34 - [WATCHDOG] - Erro ao iniciar o OpenClaw: [WinError 2] O sistema năo pode encontrar o arquivo especificado
2026-03-03 01:53:34 - [WATCHDOG] - Auditoria JARVIS: 0 logs json modificados no ultimo minuto.
2026-03-03 01:53:35 - [WATCHDOG] - OpenClaw gateway (Petroll) offline. Iniciando...
2026-03-03 01:53:35 - [WATCHDOG] - Erro ao iniciar o OpenClaw: [WinError 2] O sistema năo pode encontrar o arquivo especificado
2026-03-03 01:54:35 - [WATCHDOG] - Auditoria JARVIS: 0 logs json modificados no ultimo minuto.
2026-03-03 01:55:35 - [WATCHDOG] - Auditoria JARVIS: 0 logs json modificados no ultimo minuto.
2026-03-03 01:56:35 - [WATCHDOG] - Auditoria JARVIS: 0 logs json modificados no ultimo minuto.
2026-03-03 01:57:35 - [WATCHDOG] - Auditoria JARVIS: 0 logs json modificados no ultimo minuto.
2026-03-03 01:58:35 - [WATCHDOG] - Auditoria JARVIS: 0 logs json modificados no ultimo minuto.
2026-03-03 01:59:35 - [WATCHDOG] - Auditoria JARVIS: 0 logs json modificados no ultimo minuto.
2026-03-03 02:00:35 - [WATCHDOG] - Auditoria JARVIS: 0 logs json modificados no ultimo minuto.
2026-03-03 02:01:35 - [WATCHDOG] - Auditoria JARVIS: 0 logs json modificados no ultimo minuto.
2026-03-03 02:02:35 - [WATCHDOG] - Auditoria JARVIS: 0 logs json modificados no ultimo minuto.
2026-03-03 02:03:35 - [WATCHDOG] - Auditoria JARVIS: 0 logs json modificados no ultimo minuto.
2026-03-03 02:04:35 - [WATCHDOG] - Auditoria JARVIS: 0 logs json modificados no ultimo minuto.
2026-03-03 02:05:35 - [WATCHDOG] - Auditoria JARVIS: 0 logs json modificados no ultimo minuto.
2026-03-03 02:06:35 - [WATCHDOG] - Auditoria JARVIS: 0 logs json modificados no ultimo minuto.
2026-03-03 02:07:35 - [WATCHDOG] - Auditoria JARVIS: 0 logs json modificados no ultimo minuto.
2026-03-03 02:08:35 - [WATCHDOG] - Auditoria JARVIS: 0 logs json modificados no ultimo minuto.
2026-03-03 02:09:35 - [WATCHDOG] - Auditoria JARVIS: 0 logs json modificados no ultimo minuto.
2026-03-03 02:10:35 - [WATCHDOG] - Auditoria JARVIS: 0 logs json modificados no ultimo minuto.
2026-03-03 02:11:35 - [WATCHDOG] - Auditoria JARVIS: 0 logs json modificados no ultimo minuto.
2026-03-03 02:12:35 - [WATCHDOG] - Auditoria JARVIS: 0 logs json modificados no ultimo minuto.
2026-03-03 02:13:35 - [WATCHDOG] - Auditoria JARVIS: 0 logs json modificados no ultimo minuto.
2026-03-03 02:14:35 - [WATCHDOG] - Auditoria JARVIS: 0 logs json modificados no ultimo minuto.
2026-03-03 02:15:35 - [WATCHDOG] - Auditoria JARVIS: 0 logs json modificados no ultimo minuto.
2026-03-03 02:16:35 - [WATCHDOG] - Auditoria JARVIS: 0 logs json modificados no ultimo minuto.
2026-03-03 02:17:35 - [WATCHDOG] - Auditoria JARVIS: 0 logs json modificados no ultimo minuto.
2026-03-03 02:18:36 - [WATCHDOG] - Auditoria JARVIS: 0 logs json modificados no ultimo minuto.
2026-03-03 02:19:36 - [WATCHDOG] - Auditoria JARVIS: 0 logs json modificados no ultimo minuto.
2026-03-03 02:20:36 - [WATCHDOG] - Auditoria JARVIS: 0 logs json modificados no ultimo minuto.
2026-03-03 02:21:36 - [WATCHDOG] - Auditoria JARVIS: 0 logs json modificados no ultimo minuto.
2026-03-03 02:22:36 - [WATCHDOG] - Auditoria JARVIS: 0 logs json modificados no ultimo minuto.
2026-03-03 02:23:36 - [WATCHDOG] - Auditoria JARVIS: 0 logs json modificados no ultimo minuto.
2026-03-03 02:24:36 - [WATCHDOG] - Auditoria JARVIS: 0 logs json modificados no ultimo minuto.
2026-03-03 02:25:36 - [WATCHDOG] - Auditoria JARVIS: 0 logs json modificados no ultimo minuto.
2026-03-03 02:26:36 - [WATCHDOG] - Auditoria JARVIS: 0 logs json modificados no ultimo minuto.
2026-03-03 02:27:37 - [WATCHDOG] - Auditoria JARVIS: 0 logs json modificados no ultimo minuto.
2026-03-03 02:28:37 - [WATCHDOG] - Auditoria JARVIS: 0 logs json modificados no ultimo minuto.
2026-03-03 02:29:37 - [WATCHDOG] - Auditoria JARVIS: 0 logs json modificados no ultimo minuto.
2026-03-03 02:30:37 - [WATCHDOG] - Auditoria JARVIS: 0 logs json modificados no ultimo minuto.
2026-03-03 02:31:37 - [WATCHDOG] - Auditoria JARVIS: 0 logs json modificados no ultimo minuto.
2026-03-03 02:31:38 - [WATCHDOG] - OpenClaw gateway (Petroll) offline. Iniciando...
2026-03-03 02:31:38 - [WATCHDOG] - Erro ao iniciar o OpenClaw: [WinError 2] O sistema năo pode encontrar o arquivo especificado
2026-03-03 02:32:38 - [WATCHDOG] - Auditoria JARVIS: 0 logs json modificados no ultimo minuto.
2026-03-03 02:32:39 - [WATCHDOG] - OpenClaw gateway (Petroll) offline. Iniciando...
2026-03-03 02:32:39 - [WATCHDOG] - Erro ao iniciar o OpenClaw: [WinError 2] O sistema năo pode encontrar o arquivo especificado
2026-03-03 02:33:39 - [WATCHDOG] - Auditoria JARVIS: 0 logs json modificados no ultimo minuto.
2026-03-03 02:34:39 - [WATCHDOG] - Auditoria JARVIS: 0 logs json modificados no ultimo minuto.
2026-03-03 02:35:39 - [WATCHDOG] - Auditoria JARVIS: 0 logs json modificados no ultimo minuto.
2026-03-03 02:36:39 - [WATCHDOG] - Auditoria JARVIS: 0 logs json modificados no ultimo minuto.
2026-03-03 02:37:39 - [WATCHDOG] - Auditoria JARVIS: 0 logs json modificados no ultimo minuto.
2026-03-03 02:38:39 - [WATCHDOG] - Auditoria JARVIS: 0 logs json modificados no ultimo minuto.
2026-03-03 02:39:39 - [WATCHDOG] - Auditoria JARVIS: 0 logs json modificados no ultimo minuto.
2026-03-03 02:40:39 - [WATCHDOG] - Auditoria JARVIS: 0 logs json modificados no ultimo minuto.
2026-03-03 02:41:39 - [WATCHDOG] - Auditoria JARVIS: 0 logs json modificados no ultimo minuto.
2026-03-03 02:42:39 - [WATCHDOG] - Auditoria JARVIS: 0 logs json modificados no ultimo minuto.
2026-03-03 02:43:40 - [WATCHDOG] - Auditoria JARVIS: 0 logs json modificados no ultimo minuto.
2026-03-03 02:44:40 - [WATCHDOG] - Auditoria JARVIS: 0 logs json modificados no ultimo minuto.
2026-03-03 02:45:40 - [WATCHDOG] - Auditoria JARVIS: 0 logs json modificados no ultimo minuto.
2026-03-03 02:46:40 - [WATCHDOG] - Auditoria JARVIS: 0 logs json modificados no ultimo minuto.
2026-03-03 02:47:40 - [WATCHDOG] - Auditoria JARVIS: 0 logs json modificados no ultimo minuto.
2026-03-03 02:48:40 - [WATCHDOG] - Auditoria JARVIS: 0 logs json modificados no ultimo minuto.
2026-03-03 02:49:40 - [WATCHDOG] - Auditoria JARVIS: 0 logs json modificados no ultimo minuto.
2026-03-03 02:50:40 - [WATCHDOG] - Auditoria JARVIS: 0 logs json modificados no ultimo minuto.
2026-03-03 02:51:41 - [WATCHDOG] - Auditoria JARVIS: 0 logs json modificados no ultimo minuto.
2026-03-03 02:52:41 - [WATCHDOG] - Auditoria JARVIS: 0 logs json modificados no ultimo minuto.
2026-03-03 02:53:41 - [WATCHDOG] - Auditoria JARVIS: 0 logs json modificados no ultimo minuto.
2026-03-03 02:54:41 - [WATCHDOG] - Auditoria JARVIS: 0 logs json modificados no ultimo minuto.
2026-03-03 02:55:41 - [WATCHDOG] - Auditoria JARVIS: 0 logs json modificados no ultimo minuto.
2026-03-03 02:56:42 - [WATCHDOG] - Auditoria JARVIS: 0 logs json modificados no ultimo minuto.
2026-03-03 02:57:42 - [WATCHDOG] - Auditoria JARVIS: 0 logs json modificados no ultimo minuto.
2026-03-03 02:58:42 - [WATCHDOG] - Auditoria JARVIS: 0 logs json modificados no ultimo minuto.
2026-03-03 02:59:42 - [WATCHDOG] - Auditoria JARVIS: 0 logs json modificados no ultimo minuto.
2026-03-03 03:00:33 - [WATCHDOG] - --- Master Watchdog JARVIS Iniciado ---
2026-03-03 03:00:33 - [WATCHDOG] - OpenClaw gateway online (detectado na porta 18789).
2026-03-03 03:01:33 - [WATCHDOG] - OpenClaw gateway online (detectado na porta 18789).
2026-03-03 03:01:48 - [WATCHDOG] - --- Master Watchdog JARVIS Iniciado ---
2026-03-03 03:01:48 - [WATCHDOG] - OpenClaw gateway online (detectado na porta 18789).
2026-03-03 03:02:33 - [WATCHDOG] - OpenClaw gateway online (detectado na porta 18789).
2026-03-03 03:02:48 - [WATCHDOG] - OpenClaw gateway online (detectado na porta 18789).
2026-03-03 03:03:33 - [WATCHDOG] - OpenClaw gateway online (detectado na porta 18789).
2026-03-03 03:03:52 - [WATCHDOG] - --- Master Watchdog JARVIS Iniciado ---
2026-03-03 03:03:52 - [WATCHDOG] - OpenClaw gateway online (detectado na porta 18789).
2026-03-03 03:04:33 - [WATCHDOG] - OpenClaw gateway online (detectado na porta 18789).
2026-03-03 03:04:52 - [WATCHDOG] - OpenClaw gateway online (detectado na porta 18789).
2026-03-03 03:05:33 - [WATCHDOG] - OpenClaw gateway online (detectado na porta 18789).
2026-03-03 03:05:52 - [WATCHDOG] - OpenClaw gateway online (detectado na porta 18789).
2026-03-03 03:06:33 - [WATCHDOG] - OpenClaw gateway online (detectado na porta 18789).
2026-03-03 03:06:52 - [WATCHDOG] - OpenClaw gateway online (detectado na porta 18789).
2026-03-03 03:07:33 - [WATCHDOG] - OpenClaw gateway online (detectado na porta 18789).
2026-03-03 03:07:52 - [WATCHDOG] - OpenClaw gateway online (detectado na porta 18789).
2026-03-03 03:08:33 - [WATCHDOG] - OpenClaw gateway online (detectado na porta 18789).
2026-03-03 03:08:52 - [WATCHDOG] - OpenClaw gateway online (detectado na porta 18789).
2026-03-03 03:09:33 - [WATCHDOG] - OpenClaw gateway online (detectado na porta 18789).
2026-03-03 03:09:52 - [WATCHDOG] - OpenClaw gateway online (detectado na porta 18789).
2026-03-03 03:10:33 - [WATCHDOG] - OpenClaw gateway online (detectado na porta 18789).
2026-03-03 03:10:52 - [WATCHDOG] - OpenClaw gateway online (detectado na porta 18789).
2026-03-03 03:11:33 - [WATCHDOG] - OpenClaw gateway online (detectado na porta 18789).
2026-03-03 03:11:52 - [WATCHDOG] - OpenClaw gateway online (detectado na porta 18789).
2026-03-03 03:12:33 - [WATCHDOG] - OpenClaw gateway online (detectado na porta 18789).
2026-03-03 03:12:52 - [WATCHDOG] - OpenClaw gateway online (detectado na porta 18789).
2026-03-03 03:13:33 - [WATCHDOG] - OpenClaw gateway online (detectado na porta 18789).
2026-03-03 03:13:52 - [WATCHDOG] - OpenClaw gateway online (detectado na porta 18789).
2026-03-03 03:14:33 - [WATCHDOG] - OpenClaw gateway online (detectado na porta 18789).
2026-03-03 03:14:52 - [WATCHDOG] - OpenClaw gateway online (detectado na porta 18789).
2026-03-03 03:15:33 - [WATCHDOG] - OpenClaw gateway online (detectado na porta 18789).
2026-03-03 03:15:52 - [WATCHDOG] - OpenClaw gateway online (detectado na porta 18789).
2026-03-03 03:18:52 - [WATCHDOG] - --- Master Watchdog JARVIS Iniciado ---
2026-03-03 03:18:52 - [WATCHDOG] - OpenClaw gateway online (detectado na porta 18789).
2026-03-03 03:19:52 - [WATCHDOG] - OpenClaw gateway online (detectado na porta 18789).
2026-03-03 03:20:52 - [WATCHDOG] - OpenClaw gateway online (detectado na porta 18789).
2026-03-03 03:21:38 - [WATCHDOG] - --- Master Watchdog JARVIS Iniciado ---
2026-03-03 03:21:38 - [WATCHDOG] - OpenClaw gateway online (detectado na porta 18789).
2026-03-03 03:21:53 - [WATCHDOG] - OpenClaw gateway (Petroll) offline. Iniciando...
2026-03-03 03:21:53 - [WATCHDOG] - OpenClaw gateway iniciado com sucesso.
2026-03-03 03:22:38 - [WATCHDOG] - OpenClaw gateway online (detectado na porta 18789).
2026-03-03 03:22:53 - [WATCHDOG] - OpenClaw gateway online (detectado na porta 18789).
2026-03-03 03:23:38 - [WATCHDOG] - OpenClaw gateway online (detectado na porta 18789).
2026-03-03 03:23:53 - [WATCHDOG] - OpenClaw gateway online (detectado na porta 18789).
2026-03-03 03:24:40 - [WATCHDOG] - OpenClaw gateway online (detectado na porta 18789).
2026-03-03 03:24:53 - [WATCHDOG] - OpenClaw gateway online (detectado na porta 18789).
2026-03-03 03:25:52 - [WATCHDOG] - --- Master Watchdog JARVIS Iniciado ---
2026-03-03 03:25:52 - [WATCHDOG] - OpenClaw gateway online (detectado na porta 18789).
2026-03-03 03:25:53 - [WATCHDOG] - OpenClaw gateway online (detectado na porta 18789).
2026-03-03 03:26:52 - [WATCHDOG] - OpenClaw gateway online (detectado na porta 18789).
2026-03-03 03:26:53 - [WATCHDOG] - OpenClaw gateway online (detectado na porta 18789).
2026-03-03 03:27:52 - [WATCHDOG] - OpenClaw gateway online (detectado na porta 18789).
2026-03-03 03:27:53 - [WATCHDOG] - OpenClaw gateway online (detectado na porta 18789).
2026-03-03 03:28:52 - [WATCHDOG] - OpenClaw gateway online (detectado na porta 18789).
2026-03-03 03:28:53 - [WATCHDOG] - OpenClaw gateway online (detectado na porta 18789).
2026-03-03 03:29:52 - [WATCHDOG] - OpenClaw gateway online (detectado na porta 18789).
2026-03-03 03:29:53 - [WATCHDOG] - OpenClaw gateway online (detectado na porta 18789).
2026-03-03 03:30:52 - [WATCHDOG] - OpenClaw gateway online (detectado na porta 18789).
2026-03-03 03:30:53 - [WATCHDOG] - OpenClaw gateway online (detectado na porta 18789).
2026-03-03 03:31:52 - [WATCHDOG] - OpenClaw gateway online (detectado na porta 18789).
2026-03-03 03:31:53 - [WATCHDOG] - OpenClaw gateway online (detectado na porta 18789).
2026-03-03 03:32:52 - [WATCHDOG] - OpenClaw gateway online (detectado na porta 18789).
2026-03-03 03:32:53 - [WATCHDOG] - OpenClaw gateway online (detectado na porta 18789).
2026-03-03 03:33:52 - [WATCHDOG] - OpenClaw gateway online (detectado na porta 18789).
2026-03-03 03:33:53 - [WATCHDOG] - OpenClaw gateway online (detectado na porta 18789).
2026-03-03 03:34:52 - [WATCHDOG] - OpenClaw gateway online (detectado na porta 18789).
2026-03-03 03:34:53 - [WATCHDOG] - OpenClaw gateway online (detectado na porta 18789).
2026-03-03 03:35:52 - [WATCHDOG] - OpenClaw gateway online (detectado na porta 18789).
2026-03-03 03:35:53 - [WATCHDOG] - OpenClaw gateway online (detectado na porta 18789).
2026-03-03 03:36:52 - [WATCHDOG] - OpenClaw gateway online (detectado na porta 18789).
2026-03-03 03:36:53 - [WATCHDOG] - OpenClaw gateway online (detectado na porta 18789).
2026-03-03 03:37:52 - [WATCHDOG] - OpenClaw gateway online (detectado na porta 18789).
2026-03-03 03:37:53 - [WATCHDOG] - OpenClaw gateway online (detectado na porta 18789).
2026-03-03 03:38:52 - [WATCHDOG] - OpenClaw gateway online (detectado na porta 18789).
2026-03-03 03:38:53 - [WATCHDOG] - OpenClaw gateway online (detectado na porta 18789).
2026-03-03 03:39:52 - [WATCHDOG] - OpenClaw gateway online (detectado na porta 18789).
2026-03-03 03:39:53 - [WATCHDOG] - OpenClaw gateway online (detectado na porta 18789).
2026-03-03 03:40:52 - [WATCHDOG] - OpenClaw gateway online (detectado na porta 18789).
2026-03-03 03:40:53 - [WATCHDOG] - OpenClaw gateway online (detectado na porta 18789).
2026-03-03 03:41:52 - [WATCHDOG] - OpenClaw gateway online (detectado na porta 18789).
2026-03-03 03:41:53 - [WATCHDOG] - OpenClaw gateway online (detectado na porta 18789).
2026-03-03 03:42:52 - [WATCHDOG] - OpenClaw gateway online (detectado na porta 18789).
2026-03-03 03:42:53 - [WATCHDOG] - OpenClaw gateway online (detectado na porta 18789).
2026-03-03 03:43:52 - [WATCHDOG] - OpenClaw gateway online (detectado na porta 18789).
2026-03-03 03:43:54 - [WATCHDOG] - OpenClaw gateway online (detectado na porta 18789).
2026-03-03 03:44:52 - [WATCHDOG] - OpenClaw gateway online (detectado na porta 18789).
2026-03-03 03:44:54 - [WATCHDOG] - OpenClaw gateway online (detectado na porta 18789).
2026-03-03 03:45:52 - [WATCHDOG] - OpenClaw gateway online (detectado na porta 18789).
2026-03-03 03:45:54 - [WATCHDOG] - OpenClaw gateway online (detectado na porta 18789).
2026-03-03 03:46:52 - [WATCHDOG] - OpenClaw gateway online (detectado na porta 18789).
2026-03-03 03:46:54 - [WATCHDOG] - OpenClaw gateway online (detectado na porta 18789).
2026-03-03 03:47:52 - [WATCHDOG] - OpenClaw gateway online (detectado na porta 18789).
2026-03-03 03:47:54 - [WATCHDOG] - OpenClaw gateway online (detectado na porta 18789).
2026-03-03 03:48:52 - [WATCHDOG] - OpenClaw gateway online (detectado na porta 18789).
2026-03-03 03:48:56 - [WATCHDOG] - OpenClaw gateway online (detectado na porta 18789).
2026-03-03 03:49:52 - [WATCHDOG] - OpenClaw gateway online (detectado na porta 18789).
2026-03-03 03:49:56 - [WATCHDOG] - OpenClaw gateway online (detectado na porta 18789).
2026-03-03 03:50:52 - [WATCHDOG] - OpenClaw gateway online (detectado na porta 18789).
2026-03-03 03:50:56 - [WATCHDOG] - OpenClaw gateway online (detectado na porta 18789).
2026-03-03 03:51:52 - [WATCHDOG] - OpenClaw gateway online (detectado na porta 18789).
2026-03-03 03:51:56 - [WATCHDOG] - OpenClaw gateway online (detectado na porta 18789).
2026-03-03 03:52:52 - [WATCHDOG] - OpenClaw gateway online (detectado na porta 18789).
2026-03-03 03:52:56 - [WATCHDOG] - OpenClaw gateway online (detectado na porta 18789).
2026-03-03 03:53:52 - [WATCHDOG] - OpenClaw gateway online (detectado na porta 18789).
2026-03-03 03:53:56 - [WATCHDOG] - OpenClaw gateway online (detectado na porta 18789).
2026-03-03 03:54:52 - [WATCHDOG] - OpenClaw gateway online (detectado na porta 18789).
2026-03-03 03:54:56 - [WATCHDOG] - OpenClaw gateway online (detectado na porta 18789).
2026-03-03 03:55:52 - [WATCHDOG] - OpenClaw gateway online (detectado na porta 18789).
2026-03-03 03:55:56 - [WATCHDOG] - OpenClaw gateway online (detectado na porta 18789).
2026-03-03 03:56:52 - [WATCHDOG] - OpenClaw gateway online (detectado na porta 18789).
2026-03-03 03:56:56 - [WATCHDOG] - OpenClaw gateway online (detectado na porta 18789).
2026-03-03 03:57:52 - [WATCHDOG] - OpenClaw gateway online (detectado na porta 18789).
2026-03-03 03:57:56 - [WATCHDOG] - OpenClaw gateway online (detectado na porta 18789).
2026-03-03 03:58:52 - [WATCHDOG] - OpenClaw gateway online (detectado na porta 18789).
2026-03-03 03:58:56 - [WATCHDOG] - OpenClaw gateway online (detectado na porta 18789).
2026-03-03 03:59:52 - [WATCHDOG] - OpenClaw gateway online (detectado na porta 18789).
2026-03-03 03:59:56 - [WATCHDOG] - OpenClaw gateway online (detectado na porta 18789).
2026-03-03 04:00:53 - [WATCHDOG] - OpenClaw gateway online (detectado na porta 18789).
2026-03-03 04:00:56 - [WATCHDOG] - OpenClaw gateway online (detectado na porta 18789).
2026-03-03 04:01:53 - [WATCHDOG] - OpenClaw gateway online (detectado na porta 18789).
2026-03-03 04:01:56 - [WATCHDOG] - OpenClaw gateway online (detectado na porta 18789).
2026-03-03 04:02:53 - [WATCHDOG] - OpenClaw gateway online (detectado na porta 18789).
2026-03-03 04:02:56 - [WATCHDOG] - OpenClaw gateway online (detectado na porta 18789).
2026-03-03 04:03:53 - [WATCHDOG] - OpenClaw gateway online (detectado na porta 18789).
2026-03-03 04:03:56 - [WATCHDOG] - OpenClaw gateway online (detectado na porta 18789).
2026-03-03 04:04:53 - [WATCHDOG] - OpenClaw gateway online (detectado na porta 18789).
2026-03-03 04:04:57 - [WATCHDOG] - OpenClaw gateway online (detectado na porta 18789).
2026-03-03 04:05:54 - [WATCHDOG] - OpenClaw gateway online (detectado na porta 18789).
2026-03-03 04:05:59 - [WATCHDOG] - OpenClaw gateway online (detectado na porta 18789).
2026-03-03 04:06:54 - [WATCHDOG] - OpenClaw gateway online (detectado na porta 18789).
2026-03-03 04:06:59 - [WATCHDOG] - OpenClaw gateway online (detectado na porta 18789).
2026-03-03 04:07:54 - [WATCHDOG] - OpenClaw gateway online (detectado na porta 18789).
2026-03-03 04:07:59 - [WATCHDOG] - OpenClaw gateway online (detectado na porta 18789).
2026-03-03 04:08:54 - [WATCHDOG] - OpenClaw gateway online (detectado na porta 18789).
2026-03-03 04:08:59 - [WATCHDOG] - OpenClaw gateway online (detectado na porta 18789).
2026-03-03 04:09:54 - [WATCHDOG] - OpenClaw gateway online (detectado na porta 18789).
2026-03-03 04:09:59 - [WATCHDOG] - OpenClaw gateway online (detectado na porta 18789).
2026-03-03 04:10:54 - [WATCHDOG] - OpenClaw gateway online (detectado na porta 18789).
2026-03-03 04:10:59 - [WATCHDOG] - OpenClaw gateway online (detectado na porta 18789).
2026-03-03 04:11:54 - [WATCHDOG] - OpenClaw gateway online (detectado na porta 18789).
2026-03-03 04:11:59 - [WATCHDOG] - OpenClaw gateway online (detectado na porta 18789).
2026-03-03 04:12:54 - [WATCHDOG] - OpenClaw gateway online (detectado na porta 18789).
2026-03-03 04:12:59 - [WATCHDOG] - OpenClaw gateway online (detectado na porta 18789).
2026-03-03 04:13:54 - [WATCHDOG] - OpenClaw gateway online (detectado na porta 18789).
2026-03-03 04:13:59 - [WATCHDOG] - OpenClaw gateway online (detectado na porta 18789).
2026-03-03 04:14:54 - [WATCHDOG] - OpenClaw gateway online (detectado na porta 18789).
2026-03-03 04:14:59 - [WATCHDOG] - OpenClaw gateway online (detectado na porta 18789).
2026-03-03 04:15:54 - [WATCHDOG] - OpenClaw gateway online (detectado na porta 18789).
2026-03-03 04:15:59 - [WATCHDOG] - OpenClaw gateway online (detectado na porta 18789).
2026-03-03 04:16:54 - [WATCHDOG] - OpenClaw gateway online (detectado na porta 18789).
2026-03-03 04:16:59 - [WATCHDOG] - OpenClaw gateway online (detectado na porta 18789).
2026-03-03 04:17:54 - [WATCHDOG] - OpenClaw gateway online (detectado na porta 18789).
2026-03-03 04:17:59 - [WATCHDOG] - OpenClaw gateway online (detectado na porta 18789).
2026-03-03 04:18:54 - [WATCHDOG] - OpenClaw gateway online (detectado na porta 18789).
2026-03-03 04:18:59 - [WATCHDOG] - OpenClaw gateway online (detectado na porta 18789).
2026-03-03 04:19:54 - [WATCHDOG] - OpenClaw gateway online (detectado na porta 18789).
2026-03-03 04:19:59 - [WATCHDOG] - OpenClaw gateway online (detectado na porta 18789).
2026-03-03 04:20:54 - [WATCHDOG] - OpenClaw gateway online (detectado na porta 18789).
2026-03-03 04:20:59 - [WATCHDOG] - OpenClaw gateway online (detectado na porta 18789).
2026-03-03 04:21:54 - [WATCHDOG] - OpenClaw gateway online (detectado na porta 18789).
2026-03-03 04:21:59 - [WATCHDOG] - OpenClaw gateway online (detectado na porta 18789).
2026-03-03 04:22:54 - [WATCHDOG] - OpenClaw gateway online (detectado na porta 18789).
2026-03-03 04:22:59 - [WATCHDOG] - OpenClaw gateway online (detectado na porta 18789).
2026-03-03 04:23:54 - [WATCHDOG] - OpenClaw gateway online (detectado na porta 18789).
2026-03-03 04:23:59 - [WATCHDOG] - OpenClaw gateway online (detectado na porta 18789).
2026-03-03 04:24:54 - [WATCHDOG] - OpenClaw gateway online (detectado na porta 18789).
2026-03-03 04:24:59 - [WATCHDOG] - OpenClaw gateway online (detectado na porta 18789).
2026-03-03 04:25:54 - [WATCHDOG] - OpenClaw gateway online (detectado na porta 18789).
2026-03-03 04:25:59 - [WATCHDOG] - OpenClaw gateway online (detectado na porta 18789).
2026-03-03 04:26:54 - [WATCHDOG] - OpenClaw gateway online (detectado na porta 18789).
2026-03-03 04:26:59 - [WATCHDOG] - OpenClaw gateway online (detectado na porta 18789).
2026-03-03 04:27:54 - [WATCHDOG] - OpenClaw gateway online (detectado na porta 18789).
2026-03-03 04:27:59 - [WATCHDOG] - OpenClaw gateway online (detectado na porta 18789).
2026-03-03 04:28:54 - [WATCHDOG] - OpenClaw gateway online (detectado na porta 18789).
2026-03-03 04:28:59 - [WATCHDOG] - OpenClaw gateway online (detectado na porta 18789).
2026-03-03 04:29:54 - [WATCHDOG] - OpenClaw gateway online (detectado na porta 18789).
2026-03-03 04:29:59 - [WATCHDOG] - OpenClaw gateway online (detectado na porta 18789).
2026-03-03 04:30:54 - [WATCHDOG] - OpenClaw gateway online (detectado na porta 18789).
2026-03-03 04:30:59 - [WATCHDOG] - OpenClaw gateway online (detectado na porta 18789).
2026-03-03 04:31:54 - [WATCHDOG] - OpenClaw gateway online (detectado na porta 18789).
2026-03-03 04:31:59 - [WATCHDOG] - OpenClaw gateway online (detectado na porta 18789).
2026-03-03 04:32:54 - [WATCHDOG] - OpenClaw gateway online (detectado na porta 18789).
2026-03-03 04:32:59 - [WATCHDOG] - OpenClaw gateway online (detectado na porta 18789).
2026-03-03 04:33:54 - [WATCHDOG] - OpenClaw gateway online (detectado na porta 18789).
2026-03-03 04:33:59 - [WATCHDOG] - OpenClaw gateway online (detectado na porta 18789).
2026-03-03 04:34:54 - [WATCHDOG] - OpenClaw gateway online (detectado na porta 18789).
2026-03-03 04:34:59 - [WATCHDOG] - OpenClaw gateway online (detectado na porta 18789).
2026-03-03 04:35:54 - [WATCHDOG] - OpenClaw gateway online (detectado na porta 18789).
2026-03-03 04:35:59 - [WATCHDOG] - OpenClaw gateway online (detectado na porta 18789).
2026-03-03 04:36:54 - [WATCHDOG] - OpenClaw gateway online (detectado na porta 18789).
2026-03-03 04:36:59 - [WATCHDOG] - OpenClaw gateway online (detectado na porta 18789).
2026-03-03 04:37:54 - [WATCHDOG] - OpenClaw gateway online (detectado na porta 18789).
2026-03-03 04:37:59 - [WATCHDOG] - OpenClaw gateway online (detectado na porta 18789).
2026-03-03 04:38:54 - [WATCHDOG] - OpenClaw gateway online (detectado na porta 18789).
2026-03-03 04:38:59 - [WATCHDOG] - OpenClaw gateway online (detectado na porta 18789).
2026-03-03 04:39:54 - [WATCHDOG] - OpenClaw gateway online (detectado na porta 18789).
2026-03-03 04:39:59 - [WATCHDOG] - OpenClaw gateway online (detectado na porta 18789).
2026-03-03 04:40:54 - [WATCHDOG] - OpenClaw gateway online (detectado na porta 18789).
2026-03-03 04:40:59 - [WATCHDOG] - OpenClaw gateway online (detectado na porta 18789).
2026-03-03 04:41:54 - [WATCHDOG] - OpenClaw gateway online (detectado na porta 18789).
2026-03-03 04:41:59 - [WATCHDOG] - OpenClaw gateway online (detectado na porta 18789).
2026-03-03 04:42:54 - [WATCHDOG] - OpenClaw gateway online (detectado na porta 18789).
2026-03-03 04:42:59 - [WATCHDOG] - OpenClaw gateway online (detectado na porta 18789).
2026-03-03 04:43:54 - [WATCHDOG] - OpenClaw gateway online (detectado na porta 18789).
2026-03-03 04:43:59 - [WATCHDOG] - OpenClaw gateway online (detectado na porta 18789).
2026-03-03 04:44:54 - [WATCHDOG] - OpenClaw gateway online (detectado na porta 18789).
2026-03-03 04:44:59 - [WATCHDOG] - OpenClaw gateway online (detectado na porta 18789).
2026-03-03 04:45:54 - [WATCHDOG] - OpenClaw gateway online (detectado na porta 18789).
2026-03-03 04:45:59 - [WATCHDOG] - OpenClaw gateway online (detectado na porta 18789).
2026-03-03 04:46:54 - [WATCHDOG] - OpenClaw gateway online (detectado na porta 18789).
2026-03-03 04:46:59 - [WATCHDOG] - OpenClaw gateway online (detectado na porta 18789).
2026-03-03 04:47:54 - [WATCHDOG] - OpenClaw gateway online (detectado na porta 18789).
2026-03-03 04:47:59 - [WATCHDOG] - OpenClaw gateway online (detectado na porta 18789).
2026-03-03 04:48:54 - [WATCHDOG] - OpenClaw gateway online (detectado na porta 18789).
2026-03-03 04:48:59 - [WATCHDOG] - OpenClaw gateway online (detectado na porta 18789).
2026-03-03 04:49:54 - [WATCHDOG] - OpenClaw gateway online (detectado na porta 18789).
2026-03-03 04:49:59 - [WATCHDOG] - OpenClaw gateway online (detectado na porta 18789).
2026-03-03 04:50:54 - [WATCHDOG] - OpenClaw gateway online (detectado na porta 18789).
2026-03-03 04:50:59 - [WATCHDOG] - OpenClaw gateway online (detectado na porta 18789).
2026-03-03 04:51:54 - [WATCHDOG] - OpenClaw gateway online (detectado na porta 18789).
2026-03-03 04:51:59 - [WATCHDOG] - OpenClaw gateway online (detectado na porta 18789).
2026-03-03 04:52:54 - [WATCHDOG] - OpenClaw gateway online (detectado na porta 18789).
2026-03-03 04:52:59 - [WATCHDOG] - OpenClaw gateway online (detectado na porta 18789).
2026-03-03 04:53:54 - [WATCHDOG] - OpenClaw gateway online (detectado na porta 18789).
2026-03-03 04:53:59 - [WATCHDOG] - OpenClaw gateway online (detectado na porta 18789).
2026-03-03 04:54:54 - [WATCHDOG] - OpenClaw gateway online (detectado na porta 18789).
2026-03-03 04:55:00 - [WATCHDOG] - OpenClaw gateway online (detectado na porta 18789).
2026-03-03 04:55:54 - [WATCHDOG] - OpenClaw gateway online (detectado na porta 18789).
2026-03-03 04:56:00 - [WATCHDOG] - OpenClaw gateway online (detectado na porta 18789).
2026-03-03 04:56:54 - [WATCHDOG] - OpenClaw gateway online (detectado na porta 18789).
2026-03-03 04:57:00 - [WATCHDOG] - OpenClaw gateway online (detectado na porta 18789).
2026-03-03 04:57:54 - [WATCHDOG] - OpenClaw gateway online (detectado na porta 18789).
2026-03-03 04:58:00 - [WATCHDOG] - OpenClaw gateway online (detectado na porta 18789).
2026-03-03 04:58:54 - [WATCHDOG] - OpenClaw gateway online (detectado na porta 18789).
2026-03-03 04:59:00 - [WATCHDOG] - OpenClaw gateway online (detectado na porta 18789).
2026-03-03 04:59:54 - [WATCHDOG] - OpenClaw gateway online (detectado na porta 18789).
2026-03-03 05:00:00 - [WATCHDOG] - OpenClaw gateway online (detectado na porta 18789).
2026-03-03 05:00:54 - [WATCHDOG] - OpenClaw gateway online (detectado na porta 18789).
2026-03-03 05:01:00 - [WATCHDOG] - OpenClaw gateway online (detectado na porta 18789).
2026-03-03 05:01:54 - [WATCHDOG] - OpenClaw gateway online (detectado na porta 18789).
2026-03-03 05:02:00 - [WATCHDOG] - OpenClaw gateway online (detectado na porta 18789).
2026-03-03 05:02:54 - [WATCHDOG] - OpenClaw gateway online (detectado na porta 18789).
2026-03-03 05:03:00 - [WATCHDOG] - OpenClaw gateway online (detectado na porta 18789).
2026-03-03 05:03:54 - [WATCHDOG] - OpenClaw gateway online (detectado na porta 18789).
2026-03-03 05:04:00 - [WATCHDOG] - OpenClaw gateway online (detectado na porta 18789).
2026-03-03 05:04:54 - [WATCHDOG] - OpenClaw gateway online (detectado na porta 18789).
2026-03-03 05:05:00 - [WATCHDOG] - OpenClaw gateway online (detectado na porta 18789).
2026-03-03 05:05:54 - [WATCHDOG] - OpenClaw gateway online (detectado na porta 18789).
2026-03-03 05:06:00 - [WATCHDOG] - OpenClaw gateway online (detectado na porta 18789).
2026-03-03 05:06:54 - [WATCHDOG] - OpenClaw gateway online (detectado na porta 18789).
2026-03-03 05:07:00 - [WATCHDOG] - OpenClaw gateway online (detectado na porta 18789).
2026-03-03 05:07:54 - [WATCHDOG] - OpenClaw gateway online (detectado na porta 18789).
2026-03-03 05:08:00 - [WATCHDOG] - OpenClaw gateway online (detectado na porta 18789).
2026-03-03 05:08:54 - [WATCHDOG] - OpenClaw gateway online (detectado na porta 18789).
2026-03-03 05:09:00 - [WATCHDOG] - OpenClaw gateway online (detectado na porta 18789).
2026-03-03 05:09:54 - [WATCHDOG] - OpenClaw gateway online (detectado na porta 18789).
2026-03-03 05:10:00 - [WATCHDOG] - OpenClaw gateway online (detectado na porta 18789).
2026-03-03 05:10:54 - [WATCHDOG] - OpenClaw gateway online (detectado na porta 18789).
2026-03-03 05:11:00 - [WATCHDOG] - OpenClaw gateway online (detectado na porta 18789).
2026-03-03 05:11:54 - [WATCHDOG] - OpenClaw gateway online (detectado na porta 18789).
2026-03-03 05:12:00 - [WATCHDOG] - OpenClaw gateway online (detectado na porta 18789).
2026-03-03 05:12:54 - [WATCHDOG] - OpenClaw gateway online (detectado na porta 18789).
2026-03-03 05:13:00 - [WATCHDOG] - OpenClaw gateway online (detectado na porta 18789).
2026-03-03 05:13:54 - [WATCHDOG] - OpenClaw gateway online (detectado na porta 18789).
2026-03-03 05:14:00 - [WATCHDOG] - OpenClaw gateway online (detectado na porta 18789).
2026-03-03 05:14:54 - [WATCHDOG] - OpenClaw gateway online (detectado na porta 18789).
2026-03-03 05:15:00 - [WATCHDOG] - OpenClaw gateway online (detectado na porta 18789).
2026-03-03 05:15:54 - [WATCHDOG] - OpenClaw gateway online (detectado na porta 18789).
2026-03-03 05:16:00 - [WATCHDOG] - OpenClaw gateway online (detectado na porta 18789).
2026-03-03 05:16:54 - [WATCHDOG] - OpenClaw gateway online (detectado na porta 18789).
2026-03-03 05:17:00 - [WATCHDOG] - OpenClaw gateway online (detectado na porta 18789).
2026-03-03 05:17:54 - [WATCHDOG] - OpenClaw gateway online (detectado na porta 18789).
2026-03-03 05:18:00 - [WATCHDOG] - OpenClaw gateway online (detectado na porta 18789).
2026-03-03 05:18:54 - [WATCHDOG] - OpenClaw gateway online (detectado na porta 18789).
2026-03-03 05:19:00 - [WATCHDOG] - OpenClaw gateway online (detectado na porta 18789).
2026-03-03 05:19:54 - [WATCHDOG] - OpenClaw gateway online (detectado na porta 18789).
2026-03-03 05:20:00 - [WATCHDOG] - OpenClaw gateway online (detectado na porta 18789).
2026-03-03 05:20:54 - [WATCHDOG] - OpenClaw gateway online (detectado na porta 18789).
2026-03-03 05:21:00 - [WATCHDOG] - OpenClaw gateway online (detectado na porta 18789).
2026-03-03 05:21:54 - [WATCHDOG] - OpenClaw gateway online (detectado na porta 18789).
2026-03-03 05:22:00 - [WATCHDOG] - OpenClaw gateway online (detectado na porta 18789).
2026-03-03 05:22:54 - [WATCHDOG] - OpenClaw gateway online (detectado na porta 18789).
2026-03-03 05:23:00 - [WATCHDOG] - OpenClaw gateway online (detectado na porta 18789).
2026-03-03 05:23:54 - [WATCHDOG] - OpenClaw gateway online (detectado na porta 18789).
2026-03-03 05:24:00 - [WATCHDOG] - OpenClaw gateway online (detectado na porta 18789).
2026-03-03 05:24:54 - [WATCHDOG] - OpenClaw gateway online (detectado na porta 18789).
2026-03-03 05:25:00 - [WATCHDOG] - OpenClaw gateway online (detectado na porta 18789).
2026-03-03 05:25:54 - [WATCHDOG] - OpenClaw gateway online (detectado na porta 18789).
2026-03-03 05:26:00 - [WATCHDOG] - OpenClaw gateway online (detectado na porta 18789).
2026-03-03 05:26:54 - [WATCHDOG] - OpenClaw gateway online (detectado na porta 18789).
2026-03-03 05:27:00 - [WATCHDOG] - OpenClaw gateway online (detectado na porta 18789).
2026-03-03 05:27:54 - [WATCHDOG] - OpenClaw gateway online (detectado na porta 18789).
2026-03-03 05:28:00 - [WATCHDOG] - OpenClaw gateway online (detectado na porta 18789).
2026-03-03 05:28:54 - [WATCHDOG] - OpenClaw gateway online (detectado na porta 18789).
2026-03-03 05:29:00 - [WATCHDOG] - OpenClaw gateway online (detectado na porta 18789).
2026-03-03 05:29:54 - [WATCHDOG] - OpenClaw gateway online (detectado na porta 18789).
2026-03-03 05:30:00 - [WATCHDOG] - OpenClaw gateway online (detectado na porta 18789).
2026-03-03 05:30:54 - [WATCHDOG] - OpenClaw gateway online (detectado na porta 18789).
2026-03-03 05:31:00 - [WATCHDOG] - OpenClaw gateway online (detectado na porta 18789).
2026-03-03 05:31:54 - [WATCHDOG] - OpenClaw gateway online (detectado na porta 18789).
2026-03-03 05:32:00 - [WATCHDOG] - OpenClaw gateway online (detectado na porta 18789).
2026-03-03 05:32:54 - [WATCHDOG] - OpenClaw gateway online (detectado na porta 18789).
2026-03-03 05:33:00 - [WATCHDOG] - OpenClaw gateway online (detectado na porta 18789).
2026-03-03 05:33:54 - [WATCHDOG] - OpenClaw gateway online (detectado na porta 18789).
2026-03-03 05:34:00 - [WATCHDOG] - OpenClaw gateway online (detectado na porta 18789).
2026-03-03 05:34:54 - [WATCHDOG] - OpenClaw gateway online (detectado na porta 18789).
2026-03-03 05:35:00 - [WATCHDOG] - OpenClaw gateway online (detectado na porta 18789).
2026-03-03 05:35:54 - [WATCHDOG] - OpenClaw gateway online (detectado na porta 18789).
2026-03-03 05:36:00 - [WATCHDOG] - OpenClaw gateway online (detectado na porta 18789).
2026-03-03 05:36:54 - [WATCHDOG] - OpenClaw gateway online (detectado na porta 18789).
2026-03-03 05:37:00 - [WATCHDOG] - OpenClaw gateway online (detectado na porta 18789).
2026-03-03 05:37:54 - [WATCHDOG] - OpenClaw gateway online (detectado na porta 18789).
2026-03-03 05:38:00 - [WATCHDOG] - OpenClaw gateway online (detectado na porta 18789).
2026-03-03 05:38:54 - [WATCHDOG] - OpenClaw gateway online (detectado na porta 18789).
2026-03-03 05:39:00 - [WATCHDOG] - OpenClaw gateway online (detectado na porta 18789).
2026-03-03 05:39:54 - [WATCHDOG] - OpenClaw gateway online (detectado na porta 18789).
2026-03-03 05:40:00 - [WATCHDOG] - OpenClaw gateway online (detectado na porta 18789).
2026-03-03 05:40:54 - [WATCHDOG] - OpenClaw gateway online (detectado na porta 18789).
2026-03-03 05:41:00 - [WATCHDOG] - OpenClaw gateway online (detectado na porta 18789).
2026-03-03 05:41:54 - [WATCHDOG] - OpenClaw gateway online (detectado na porta 18789).
2026-03-03 05:42:00 - [WATCHDOG] - OpenClaw gateway online (detectado na porta 18789).
2026-03-03 05:42:54 - [WATCHDOG] - OpenClaw gateway online (detectado na porta 18789).
2026-03-03 05:43:00 - [WATCHDOG] - OpenClaw gateway online (detectado na porta 18789).
2026-03-03 05:43:54 - [WATCHDOG] - OpenClaw gateway online (detectado na porta 18789).
2026-03-03 05:44:00 - [WATCHDOG] - OpenClaw gateway online (detectado na porta 18789).
2026-03-03 05:44:54 - [WATCHDOG] - OpenClaw gateway online (detectado na porta 18789).
2026-03-03 05:45:00 - [WATCHDOG] - OpenClaw gateway online (detectado na porta 18789).
2026-03-03 05:45:54 - [WATCHDOG] - OpenClaw gateway online (detectado na porta 18789).
2026-03-03 05:46:00 - [WATCHDOG] - OpenClaw gateway online (detectado na porta 18789).
2026-03-03 05:46:54 - [WATCHDOG] - OpenClaw gateway online (detectado na porta 18789).
2026-03-03 05:47:00 - [WATCHDOG] - OpenClaw gateway online (detectado na porta 18789).
2026-03-03 05:47:54 - [WATCHDOG] - OpenClaw gateway online (detectado na porta 18789).
2026-03-03 05:48:00 - [WATCHDOG] - OpenClaw gateway online (detectado na porta 18789).
2026-03-03 05:48:54 - [WATCHDOG] - OpenClaw gateway online (detectado na porta 18789).
2026-03-03 05:49:00 - [WATCHDOG] - OpenClaw gateway online (detectado na porta 18789).
2026-03-03 05:49:54 - [WATCHDOG] - OpenClaw gateway online (detectado na porta 18789).
2026-03-03 05:50:00 - [WATCHDOG] - OpenClaw gateway online (detectado na porta 18789).
2026-03-03 05:50:54 - [WATCHDOG] - OpenClaw gateway online (detectado na porta 18789).
2026-03-03 05:51:00 - [WATCHDOG] - OpenClaw gateway online (detectado na porta 18789).
2026-03-03 05:51:54 - [WATCHDOG] - OpenClaw gateway online (detectado na porta 18789).
2026-03-03 05:52:00 - [WATCHDOG] - OpenClaw gateway online (detectado na porta 18789).
2026-03-03 05:52:54 - [WATCHDOG] - OpenClaw gateway online (detectado na porta 18789).
2026-03-03 05:53:00 - [WATCHDOG] - OpenClaw gateway online (detectado na porta 18789).
2026-03-03 05:53:54 - [WATCHDOG] - OpenClaw gateway online (detectado na porta 18789).
2026-03-03 05:54:00 - [WATCHDOG] - OpenClaw gateway online (detectado na porta 18789).
2026-03-03 05:54:54 - [WATCHDOG] - OpenClaw gateway online (detectado na porta 18789).
2026-03-03 05:55:00 - [WATCHDOG] - OpenClaw gateway online (detectado na porta 18789).
2026-03-03 05:55:54 - [WATCHDOG] - OpenClaw gateway online (detectado na porta 18789).
2026-03-03 05:56:00 - [WATCHDOG] - OpenClaw gateway online (detectado na porta 18789).
2026-03-03 05:56:54 - [WATCHDOG] - OpenClaw gateway online (detectado na porta 18789).
2026-03-03 05:57:00 - [WATCHDOG] - OpenClaw gateway online (detectado na porta 18789).
2026-03-03 05:57:54 - [WATCHDOG] - OpenClaw gateway online (detectado na porta 18789).
2026-03-03 05:58:00 - [WATCHDOG] - OpenClaw gateway online (detectado na porta 18789).
2026-03-03 05:58:54 - [WATCHDOG] - OpenClaw gateway online (detectado na porta 18789).
2026-03-03 05:59:00 - [WATCHDOG] - OpenClaw gateway online (detectado na porta 18789).
2026-03-03 05:59:54 - [WATCHDOG] - OpenClaw gateway online (detectado na porta 18789).
2026-03-03 06:00:00 - [WATCHDOG] - OpenClaw gateway online (detectado na porta 18789).
2026-03-03 06:00:54 - [WATCHDOG] - OpenClaw gateway online (detectado na porta 18789).
2026-03-03 06:01:00 - [WATCHDOG] - OpenClaw gateway online (detectado na porta 18789).
2026-03-03 06:01:54 - [WATCHDOG] - OpenClaw gateway online (detectado na porta 18789).
2026-03-03 06:02:00 - [WATCHDOG] - OpenClaw gateway online (detectado na porta 18789).
2026-03-03 06:02:54 - [WATCHDOG] - OpenClaw gateway online (detectado na porta 18789).
2026-03-03 06:03:00 - [WATCHDOG] - OpenClaw gateway online (detectado na porta 18789).
2026-03-03 06:03:54 - [WATCHDOG] - OpenClaw gateway online (detectado na porta 18789).
2026-03-03 06:04:00 - [WATCHDOG] - OpenClaw gateway online (detectado na porta 18789).
2026-03-03 06:04:54 - [WATCHDOG] - OpenClaw gateway online (detectado na porta 18789).
2026-03-03 06:05:00 - [WATCHDOG] - OpenClaw gateway online (detectado na porta 18789).
2026-03-03 06:05:54 - [WATCHDOG] - OpenClaw gateway online (detectado na porta 18789).
2026-03-03 06:06:00 - [WATCHDOG] - OpenClaw gateway online (detectado na porta 18789).
2026-03-03 06:06:54 - [WATCHDOG] - OpenClaw gateway online (detectado na porta 18789).
2026-03-03 06:07:00 - [WATCHDOG] - OpenClaw gateway online (detectado na porta 18789).
2026-03-03 06:07:54 - [WATCHDOG] - OpenClaw gateway online (detectado na porta 18789).
2026-03-03 06:08:00 - [WATCHDOG] - OpenClaw gateway online (detectado na porta 18789).
2026-03-03 06:08:54 - [WATCHDOG] - OpenClaw gateway online (detectado na porta 18789).
2026-03-03 06:09:00 - [WATCHDOG] - OpenClaw gateway online (detectado na porta 18789).
2026-03-03 06:09:54 - [WATCHDOG] - OpenClaw gateway online (detectado na porta 18789).
2026-03-03 06:10:00 - [WATCHDOG] - OpenClaw gateway online (detectado na porta 18789).
2026-03-03 06:10:54 - [WATCHDOG] - OpenClaw gateway online (detectado na porta 18789).
2026-03-03 06:11:00 - [WATCHDOG] - OpenClaw gateway online (detectado na porta 18789).
2026-03-03 06:11:54 - [WATCHDOG] - OpenClaw gateway online (detectado na porta 18789).
2026-03-03 06:12:00 - [WATCHDOG] - OpenClaw gateway online (detectado na porta 18789).
2026-03-03 06:12:54 - [WATCHDOG] - OpenClaw gateway online (detectado na porta 18789).
2026-03-03 06:13:00 - [WATCHDOG] - OpenClaw gateway online (detectado na porta 18789).
2026-03-03 06:13:54 - [WATCHDOG] - OpenClaw gateway online (detectado na porta 18789).
2026-03-03 06:14:00 - [WATCHDOG] - OpenClaw gateway online (detectado na porta 18789).
2026-03-03 06:14:54 - [WATCHDOG] - OpenClaw gateway online (detectado na porta 18789).
2026-03-03 06:15:00 - [WATCHDOG] - OpenClaw gateway online (detectado na porta 18789).
2026-03-03 06:15:54 - [WATCHDOG] - OpenClaw gateway online (detectado na porta 18789).
2026-03-03 06:16:00 - [WATCHDOG] - OpenClaw gateway online (detectado na porta 18789).
2026-03-03 06:16:54 - [WATCHDOG] - OpenClaw gateway online (detectado na porta 18789).
2026-03-03 06:17:00 - [WATCHDOG] - OpenClaw gateway online (detectado na porta 18789).
2026-03-03 06:17:54 - [WATCHDOG] - OpenClaw gateway online (detectado na porta 18789).
2026-03-03 06:18:00 - [WATCHDOG] - OpenClaw gateway online (detectado na porta 18789).
2026-03-03 06:18:54 - [WATCHDOG] - OpenClaw gateway online (detectado na porta 18789).
2026-03-03 06:19:00 - [WATCHDOG] - OpenClaw gateway online (detectado na porta 18789).
2026-03-03 06:19:54 - [WATCHDOG] - OpenClaw gateway online (detectado na porta 18789).
2026-03-03 06:20:00 - [WATCHDOG] - OpenClaw gateway online (detectado na porta 18789).
2026-03-03 06:20:54 - [WATCHDOG] - OpenClaw gateway online (detectado na porta 18789).
2026-03-03 06:21:00 - [WATCHDOG] - OpenClaw gateway online (detectado na porta 18789).
2026-03-03 06:21:54 - [WATCHDOG] - OpenClaw gateway online (detectado na porta 18789).
2026-03-03 06:22:00 - [WATCHDOG] - OpenClaw gateway online (detectado na porta 18789).
2026-03-03 06:22:54 - [WATCHDOG] - OpenClaw gateway online (detectado na porta 18789).
2026-03-03 06:23:00 - [WATCHDOG] - OpenClaw gateway online (detectado na porta 18789).
2026-03-03 06:23:54 - [WATCHDOG] - OpenClaw gateway online (detectado na porta 18789).
2026-03-03 06:24:00 - [WATCHDOG] - OpenClaw gateway online (detectado na porta 18789).
2026-03-03 06:24:54 - [WATCHDOG] - OpenClaw gateway online (detectado na porta 18789).
2026-03-03 06:25:00 - [WATCHDOG] - OpenClaw gateway online (detectado na porta 18789).
2026-03-03 06:25:54 - [WATCHDOG] - OpenClaw gateway online (detectado na porta 18789).
2026-03-03 06:26:00 - [WATCHDOG] - OpenClaw gateway online (detectado na porta 18789).
2026-03-03 06:26:54 - [WATCHDOG] - OpenClaw gateway online (detectado na porta 18789).
2026-03-03 06:27:00 - [WATCHDOG] - OpenClaw gateway online (detectado na porta 18789).
2026-03-03 06:27:54 - [WATCHDOG] - OpenClaw gateway online (detectado na porta 18789).
2026-03-03 06:28:00 - [WATCHDOG] - OpenClaw gateway online (detectado na porta 18789).
2026-03-03 06:28:54 - [WATCHDOG] - OpenClaw gateway online (detectado na porta 18789).
2026-03-03 06:29:00 - [WATCHDOG] - OpenClaw gateway online (detectado na porta 18789).
2026-03-03 06:29:54 - [WATCHDOG] - OpenClaw gateway online (detectado na porta 18789).
2026-03-03 06:30:00 - [WATCHDOG] - OpenClaw gateway online (detectado na porta 18789).
2026-03-03 06:30:54 - [WATCHDOG] - OpenClaw gateway online (detectado na porta 18789).
2026-03-03 06:31:00 - [WATCHDOG] - OpenClaw gateway online (detectado na porta 18789).
2026-03-03 06:31:54 - [WATCHDOG] - OpenClaw gateway online (detectado na porta 18789).
2026-03-03 06:32:00 - [WATCHDOG] - OpenClaw gateway online (detectado na porta 18789).
2026-03-03 06:32:54 - [WATCHDOG] - OpenClaw gateway online (detectado na porta 18789).
2026-03-03 06:33:00 - [WATCHDOG] - OpenClaw gateway online (detectado na porta 18789).
2026-03-03 06:33:54 - [WATCHDOG] - OpenClaw gateway online (detectado na porta 18789).
2026-03-03 06:34:00 - [WATCHDOG] - OpenClaw gateway online (detectado na porta 18789).
2026-03-03 06:34:54 - [WATCHDOG] - OpenClaw gateway online (detectado na porta 18789).
2026-03-03 06:35:00 - [WATCHDOG] - OpenClaw gateway online (detectado na porta 18789).
2026-03-03 06:35:54 - [WATCHDOG] - OpenClaw gateway online (detectado na porta 18789).
2026-03-03 06:36:00 - [WATCHDOG] - OpenClaw gateway online (detectado na porta 18789).
2026-03-03 06:36:54 - [WATCHDOG] - OpenClaw gateway online (detectado na porta 18789).
2026-03-03 06:37:00 - [WATCHDOG] - OpenClaw gateway online (detectado na porta 18789).
2026-03-03 06:37:54 - [WATCHDOG] - OpenClaw gateway online (detectado na porta 18789).
2026-03-03 06:38:00 - [WATCHDOG] - OpenClaw gateway online (detectado na porta 18789).
2026-03-03 06:38:54 - [WATCHDOG] - OpenClaw gateway online (detectado na porta 18789).
2026-03-03 06:39:00 - [WATCHDOG] - OpenClaw gateway online (detectado na porta 18789).
2026-03-03 06:39:54 - [WATCHDOG] - OpenClaw gateway online (detectado na porta 18789).
2026-03-03 06:40:00 - [WATCHDOG] - OpenClaw gateway online (detectado na porta 18789).
2026-03-03 06:40:54 - [WATCHDOG] - OpenClaw gateway online (detectado na porta 18789).
2026-03-03 06:41:00 - [WATCHDOG] - OpenClaw gateway online (detectado na porta 18789).
2026-03-03 06:41:54 - [WATCHDOG] - OpenClaw gateway online (detectado na porta 18789).
2026-03-03 06:42:00 - [WATCHDOG] - OpenClaw gateway online (detectado na porta 18789).
2026-03-03 06:42:54 - [WATCHDOG] - OpenClaw gateway online (detectado na porta 18789).
2026-03-03 06:43:00 - [WATCHDOG] - OpenClaw gateway online (detectado na porta 18789).
2026-03-03 06:43:54 - [WATCHDOG] - OpenClaw gateway online (detectado na porta 18789).
2026-03-03 06:44:00 - [WATCHDOG] - OpenClaw gateway online (detectado na porta 18789).
2026-03-03 06:44:54 - [WATCHDOG] - OpenClaw gateway online (detectado na porta 18789).
2026-03-03 06:45:00 - [WATCHDOG] - OpenClaw gateway online (detectado na porta 18789).
2026-03-03 06:45:54 - [WATCHDOG] - OpenClaw gateway online (detectado na porta 18789).
2026-03-03 06:46:00 - [WATCHDOG] - OpenClaw gateway online (detectado na porta 18789).
2026-03-03 06:46:54 - [WATCHDOG] - OpenClaw gateway online (detectado na porta 18789).
2026-03-03 06:47:00 - [WATCHDOG] - OpenClaw gateway online (detectado na porta 18789).
2026-03-03 06:47:54 - [WATCHDOG] - OpenClaw gateway online (detectado na porta 18789).
2026-03-03 06:48:00 - [WATCHDOG] - OpenClaw gateway online (detectado na porta 18789).
2026-03-03 06:48:54 - [WATCHDOG] - OpenClaw gateway online (detectado na porta 18789).
2026-03-03 06:49:00 - [WATCHDOG] - OpenClaw gateway online (detectado na porta 18789).
2026-03-03 06:49:54 - [WATCHDOG] - OpenClaw gateway online (detectado na porta 18789).
2026-03-03 06:50:00 - [WATCHDOG] - OpenClaw gateway online (detectado na porta 18789).
2026-03-03 06:50:54 - [WATCHDOG] - OpenClaw gateway online (detectado na porta 18789).
2026-03-03 06:51:00 - [WATCHDOG] - OpenClaw gateway online (detectado na porta 18789).
2026-03-03 06:51:54 - [WATCHDOG] - OpenClaw gateway online (detectado na porta 18789).
2026-03-03 06:52:00 - [WATCHDOG] - OpenClaw gateway online (detectado na porta 18789).
2026-03-03 06:52:54 - [WATCHDOG] - OpenClaw gateway online (detectado na porta 18789).
2026-03-03 06:53:00 - [WATCHDOG] - OpenClaw gateway online (detectado na porta 18789).
2026-03-03 06:53:54 - [WATCHDOG] - OpenClaw gateway online (detectado na porta 18789).
2026-03-03 06:54:00 - [WATCHDOG] - OpenClaw gateway online (detectado na porta 18789).
2026-03-03 06:54:54 - [WATCHDOG] - OpenClaw gateway online (detectado na porta 18789).
2026-03-03 06:55:00 - [WATCHDOG] - OpenClaw gateway online (detectado na porta 18789).
2026-03-03 06:55:54 - [WATCHDOG] - OpenClaw gateway online (detectado na porta 18789).
2026-03-03 06:56:00 - [WATCHDOG] - OpenClaw gateway online (detectado na porta 18789).
2026-03-03 06:56:54 - [WATCHDOG] - OpenClaw gateway online (detectado na porta 18789).
2026-03-03 06:57:00 - [WATCHDOG] - OpenClaw gateway online (detectado na porta 18789).
2026-03-03 06:57:54 - [WATCHDOG] - OpenClaw gateway online (detectado na porta 18789).
2026-03-03 06:58:00 - [WATCHDOG] - OpenClaw gateway online (detectado na porta 18789).
2026-03-03 06:58:54 - [WATCHDOG] - OpenClaw gateway online (detectado na porta 18789).
2026-03-03 06:59:00 - [WATCHDOG] - OpenClaw gateway online (detectado na porta 18789).
2026-03-03 06:59:54 - [WATCHDOG] - OpenClaw gateway online (detectado na porta 18789).
2026-03-03 07:00:00 - [WATCHDOG] - OpenClaw gateway online (detectado na porta 18789).
2026-03-03 07:00:54 - [WATCHDOG] - OpenClaw gateway online (detectado na porta 18789).
2026-03-03 07:01:00 - [WATCHDOG] - OpenClaw gateway online (detectado na porta 18789).
2026-03-03 07:01:54 - [WATCHDOG] - OpenClaw gateway online (detectado na porta 18789).
2026-03-03 07:02:00 - [WATCHDOG] - OpenClaw gateway online (detectado na porta 18789).
2026-03-03 07:02:54 - [WATCHDOG] - OpenClaw gateway online (detectado na porta 18789).
2026-03-03 07:03:00 - [WATCHDOG] - OpenClaw gateway online (detectado na porta 18789).
2026-03-03 07:03:54 - [WATCHDOG] - OpenClaw gateway online (detectado na porta 18789).
2026-03-03 07:04:00 - [WATCHDOG] - OpenClaw gateway online (detectado na porta 18789).
2026-03-03 07:04:54 - [WATCHDOG] - OpenClaw gateway online (detectado na porta 18789).
2026-03-03 07:05:00 - [WATCHDOG] - OpenClaw gateway online (detectado na porta 18789).
2026-03-03 07:05:54 - [WATCHDOG] - OpenClaw gateway online (detectado na porta 18789).
2026-03-03 07:06:00 - [WATCHDOG] - OpenClaw gateway online (detectado na porta 18789).
2026-03-03 07:06:54 - [WATCHDOG] - OpenClaw gateway online (detectado na porta 18789).
2026-03-03 07:07:00 - [WATCHDOG] - OpenClaw gateway online (detectado na porta 18789).
2026-03-03 07:07:54 - [WATCHDOG] - OpenClaw gateway online (detectado na porta 18789).
2026-03-03 07:08:00 - [WATCHDOG] - OpenClaw gateway online (detectado na porta 18789).
2026-03-03 07:08:54 - [WATCHDOG] - OpenClaw gateway online (detectado na porta 18789).
2026-03-03 07:09:00 - [WATCHDOG] - OpenClaw gateway online (detectado na porta 18789).
2026-03-03 07:09:54 - [WATCHDOG] - OpenClaw gateway online (detectado na porta 18789).
2026-03-03 07:10:00 - [WATCHDOG] - OpenClaw gateway online (detectado na porta 18789).
2026-03-03 07:10:54 - [WATCHDOG] - OpenClaw gateway online (detectado na porta 18789).
2026-03-03 07:11:00 - [WATCHDOG] - OpenClaw gateway online (detectado na porta 18789).
2026-03-03 07:11:54 - [WATCHDOG] - OpenClaw gateway online (detectado na porta 18789).
2026-03-03 07:12:00 - [WATCHDOG] - OpenClaw gateway online (detectado na porta 18789).
2026-03-03 07:12:54 - [WATCHDOG] - OpenClaw gateway online (detectado na porta 18789).
2026-03-03 07:13:00 - [WATCHDOG] - OpenClaw gateway online (detectado na porta 18789).
2026-03-03 07:13:54 - [WATCHDOG] - OpenClaw gateway online (detectado na porta 18789).
2026-03-03 07:14:00 - [WATCHDOG] - OpenClaw gateway online (detectado na porta 18789).
2026-03-03 07:14:54 - [WATCHDOG] - OpenClaw gateway online (detectado na porta 18789).
2026-03-03 07:15:00 - [WATCHDOG] - OpenClaw gateway online (detectado na porta 18789).
2026-03-03 07:15:54 - [WATCHDOG] - OpenClaw gateway online (detectado na porta 18789).
2026-03-03 07:16:00 - [WATCHDOG] - OpenClaw gateway online (detectado na porta 18789).
2026-03-03 07:16:54 - [WATCHDOG] - OpenClaw gateway online (detectado na porta 18789).
2026-03-03 07:17:00 - [WATCHDOG] - OpenClaw gateway online (detectado na porta 18789).
2026-03-03 07:17:54 - [WATCHDOG] - OpenClaw gateway online (detectado na porta 18789).
2026-03-03 07:18:00 - [WATCHDOG] - OpenClaw gateway online (detectado na porta 18789).
2026-03-03 07:18:54 - [WATCHDOG] - OpenClaw gateway online (detectado na porta 18789).
2026-03-03 07:19:00 - [WATCHDOG] - OpenClaw gateway online (detectado na porta 18789).
2026-03-03 07:19:54 - [WATCHDOG] - OpenClaw gateway online (detectado na porta 18789).
2026-03-03 07:20:00 - [WATCHDOG] - OpenClaw gateway online (detectado na porta 18789).
2026-03-03 07:20:54 - [WATCHDOG] - OpenClaw gateway online (detectado na porta 18789).
2026-03-03 07:21:00 - [WATCHDOG] - OpenClaw gateway online (detectado na porta 18789).
2026-03-03 07:21:54 - [WATCHDOG] - OpenClaw gateway online (detectado na porta 18789).
2026-03-03 07:22:00 - [WATCHDOG] - OpenClaw gateway online (detectado na porta 18789).
2026-03-03 07:22:54 - [WATCHDOG] - OpenClaw gateway online (detectado na porta 18789).
2026-03-03 07:23:00 - [WATCHDOG] - OpenClaw gateway online (detectado na porta 18789).
2026-03-03 07:23:54 - [WATCHDOG] - OpenClaw gateway online (detectado na porta 18789).
2026-03-03 07:24:00 - [WATCHDOG] - OpenClaw gateway online (detectado na porta 18789).
2026-03-03 07:24:54 - [WATCHDOG] - OpenClaw gateway online (detectado na porta 18789).
2026-03-03 07:25:00 - [WATCHDOG] - OpenClaw gateway online (detectado na porta 18789).
2026-03-03 07:25:54 - [WATCHDOG] - OpenClaw gateway online (detectado na porta 18789).
2026-03-03 07:26:00 - [WATCHDOG] - OpenClaw gateway online (detectado na porta 18789).
2026-03-03 07:26:54 - [WATCHDOG] - OpenClaw gateway online (detectado na porta 18789).
2026-03-03 07:27:00 - [WATCHDOG] - OpenClaw gateway online (detectado na porta 18789).
2026-03-03 07:27:54 - [WATCHDOG] - OpenClaw gateway online (detectado na porta 18789).
2026-03-03 07:28:00 - [WATCHDOG] - OpenClaw gateway online (detectado na porta 18789).
2026-03-03 07:28:54 - [WATCHDOG] - OpenClaw gateway online (detectado na porta 18789).
2026-03-03 07:29:00 - [WATCHDOG] - OpenClaw gateway online (detectado na porta 18789).
2026-03-03 07:29:54 - [WATCHDOG] - OpenClaw gateway online (detectado na porta 18789).
2026-03-03 07:30:00 - [WATCHDOG] - OpenClaw gateway online (detectado na porta 18789).
2026-03-03 07:30:54 - [WATCHDOG] - OpenClaw gateway online (detectado na porta 18789).
2026-03-03 07:31:00 - [WATCHDOG] - OpenClaw gateway online (detectado na porta 18789).
2026-03-03 07:31:54 - [WATCHDOG] - OpenClaw gateway online (detectado na porta 18789).
2026-03-03 07:32:00 - [WATCHDOG] - OpenClaw gateway online (detectado na porta 18789).
2026-03-03 07:32:54 - [WATCHDOG] - OpenClaw gateway online (detectado na porta 18789).
2026-03-03 07:33:00 - [WATCHDOG] - OpenClaw gateway online (detectado na porta 18789).
2026-03-03 07:33:54 - [WATCHDOG] - OpenClaw gateway online (detectado na porta 18789).
2026-03-03 07:34:00 - [WATCHDOG] - OpenClaw gateway online (detectado na porta 18789).
2026-03-03 07:34:54 - [WATCHDOG] - OpenClaw gateway online (detectado na porta 18789).
2026-03-03 07:35:00 - [WATCHDOG] - OpenClaw gateway online (detectado na porta 18789).
2026-03-03 07:35:54 - [WATCHDOG] - OpenClaw gateway online (detectado na porta 18789).
2026-03-03 07:36:00 - [WATCHDOG] - OpenClaw gateway online (detectado na porta 18789).
2026-03-03 07:36:54 - [WATCHDOG] - OpenClaw gateway online (detectado na porta 18789).
2026-03-03 07:37:00 - [WATCHDOG] - OpenClaw gateway online (detectado na porta 18789).
2026-03-03 07:37:54 - [WATCHDOG] - OpenClaw gateway online (detectado na porta 18789).
2026-03-03 07:38:00 - [WATCHDOG] - OpenClaw gateway online (detectado na porta 18789).
2026-03-03 07:38:54 - [WATCHDOG] - OpenClaw gateway online (detectado na porta 18789).
2026-03-03 07:39:00 - [WATCHDOG] - OpenClaw gateway online (detectado na porta 18789).
2026-03-03 07:39:54 - [WATCHDOG] - OpenClaw gateway online (detectado na porta 18789).
2026-03-03 07:40:00 - [WATCHDOG] - OpenClaw gateway online (detectado na porta 18789).
2026-03-03 07:40:54 - [WATCHDOG] - OpenClaw gateway online (detectado na porta 18789).
2026-03-03 07:41:00 - [WATCHDOG] - OpenClaw gateway online (detectado na porta 18789).
2026-03-03 07:41:54 - [WATCHDOG] - OpenClaw gateway online (detectado na porta 18789).
2026-03-03 07:42:00 - [WATCHDOG] - OpenClaw gateway online (detectado na porta 18789).
2026-03-03 07:42:54 - [WATCHDOG] - OpenClaw gateway online (detectado na porta 18789).
2026-03-03 07:43:00 - [WATCHDOG] - OpenClaw gateway online (detectado na porta 18789).
2026-03-03 07:43:54 - [WATCHDOG] - OpenClaw gateway online (detectado na porta 18789).
2026-03-03 07:44:00 - [WATCHDOG] - OpenClaw gateway online (detectado na porta 18789).
2026-03-03 07:44:54 - [WATCHDOG] - OpenClaw gateway online (detectado na porta 18789).
2026-03-03 07:45:00 - [WATCHDOG] - OpenClaw gateway online (detectado na porta 18789).
2026-03-03 07:45:54 - [WATCHDOG] - OpenClaw gateway online (detectado na porta 18789).
2026-03-03 07:46:00 - [WATCHDOG] - OpenClaw gateway online (detectado na porta 18789).
2026-03-03 07:46:54 - [WATCHDOG] - OpenClaw gateway online (detectado na porta 18789).
2026-03-03 07:47:00 - [WATCHDOG] - OpenClaw gateway online (detectado na porta 18789).
2026-03-03 07:47:55 - [WATCHDOG] - OpenClaw gateway online (detectado na porta 18789).
2026-03-03 07:48:00 - [WATCHDOG] - OpenClaw gateway online (detectado na porta 18789).
2026-03-03 07:48:55 - [WATCHDOG] - OpenClaw gateway online (detectado na porta 18789).
2026-03-03 07:49:00 - [WATCHDOG] - OpenClaw gateway online (detectado na porta 18789).
2026-03-03 07:49:55 - [WATCHDOG] - OpenClaw gateway online (detectado na porta 18789).
2026-03-03 07:50:00 - [WATCHDOG] - OpenClaw gateway online (detectado na porta 18789).
2026-03-03 07:50:55 - [WATCHDOG] - OpenClaw gateway online (detectado na porta 18789).
2026-03-03 07:51:00 - [WATCHDOG] - OpenClaw gateway online (detectado na porta 18789).
2026-03-03 07:51:55 - [WATCHDOG] - OpenClaw gateway online (detectado na porta 18789).
2026-03-03 07:52:00 - [WATCHDOG] - OpenClaw gateway online (detectado na porta 18789).
2026-03-03 07:52:55 - [WATCHDOG] - OpenClaw gateway online (detectado na porta 18789).
2026-03-03 07:53:00 - [WATCHDOG] - OpenClaw gateway online (detectado na porta 18789).
2026-03-03 07:53:55 - [WATCHDOG] - OpenClaw gateway online (detectado na porta 18789).
2026-03-03 07:54:00 - [WATCHDOG] - OpenClaw gateway online (detectado na porta 18789).
2026-03-03 07:54:55 - [WATCHDOG] - OpenClaw gateway online (detectado na porta 18789).
2026-03-03 07:55:00 - [WATCHDOG] - OpenClaw gateway online (detectado na porta 18789).
2026-03-03 07:55:55 - [WATCHDOG] - OpenClaw gateway online (detectado na porta 18789).
2026-03-03 07:56:00 - [WATCHDOG] - OpenClaw gateway online (detectado na porta 18789).
2026-03-03 07:56:55 - [WATCHDOG] - OpenClaw gateway online (detectado na porta 18789).
2026-03-03 07:57:00 - [WATCHDOG] - OpenClaw gateway online (detectado na porta 18789).
2026-03-03 07:57:55 - [WATCHDOG] - OpenClaw gateway online (detectado na porta 18789).
2026-03-03 07:58:00 - [WATCHDOG] - OpenClaw gateway online (detectado na porta 18789).
2026-03-03 07:58:55 - [WATCHDOG] - OpenClaw gateway online (detectado na porta 18789).
2026-03-03 07:59:00 - [WATCHDOG] - OpenClaw gateway online (detectado na porta 18789).
2026-03-03 07:59:55 - [WATCHDOG] - OpenClaw gateway online (detectado na porta 18789).
2026-03-03 08:00:00 - [WATCHDOG] - OpenClaw gateway online (detectado na porta 18789).
2026-03-03 08:00:55 - [WATCHDOG] - OpenClaw gateway online (detectado na porta 18789).
2026-03-03 08:01:00 - [WATCHDOG] - OpenClaw gateway online (detectado na porta 18789).
2026-03-03 08:01:55 - [WATCHDOG] - OpenClaw gateway online (detectado na porta 18789).
2026-03-03 08:02:00 - [WATCHDOG] - OpenClaw gateway online (detectado na porta 18789).
2026-03-03 08:02:55 - [WATCHDOG] - OpenClaw gateway online (detectado na porta 18789).
2026-03-03 08:03:00 - [WATCHDOG] - OpenClaw gateway online (detectado na porta 18789).
2026-03-03 08:03:55 - [WATCHDOG] - OpenClaw gateway online (detectado na porta 18789).
2026-03-03 08:04:00 - [WATCHDOG] - OpenClaw gateway online (detectado na porta 18789).
2026-03-03 08:04:55 - [WATCHDOG] - OpenClaw gateway online (detectado na porta 18789).
2026-03-03 08:05:00 - [WATCHDOG] - OpenClaw gateway online (detectado na porta 18789).
2026-03-03 08:05:55 - [WATCHDOG] - OpenClaw gateway online (detectado na porta 18789).
2026-03-03 08:06:00 - [WATCHDOG] - OpenClaw gateway online (detectado na porta 18789).
2026-03-03 08:06:55 - [WATCHDOG] - OpenClaw gateway online (detectado na porta 18789).
2026-03-03 08:07:00 - [WATCHDOG] - OpenClaw gateway online (detectado na porta 18789).
2026-03-03 08:07:55 - [WATCHDOG] - OpenClaw gateway online (detectado na porta 18789).
2026-03-03 08:08:00 - [WATCHDOG] - OpenClaw gateway online (detectado na porta 18789).
2026-03-03 08:08:55 - [WATCHDOG] - OpenClaw gateway online (detectado na porta 18789).
2026-03-03 08:09:00 - [WATCHDOG] - OpenClaw gateway online (detectado na porta 18789).
2026-03-03 08:09:55 - [WATCHDOG] - OpenClaw gateway online (detectado na porta 18789).
2026-03-03 08:10:00 - [WATCHDOG] - OpenClaw gateway online (detectado na porta 18789).
2026-03-03 08:10:55 - [WATCHDOG] - OpenClaw gateway online (detectado na porta 18789).
2026-03-03 08:11:00 - [WATCHDOG] - OpenClaw gateway online (detectado na porta 18789).
2026-03-03 08:11:55 - [WATCHDOG] - OpenClaw gateway online (detectado na porta 18789).
2026-03-03 08:12:00 - [WATCHDOG] - OpenClaw gateway online (detectado na porta 18789).
2026-03-03 08:12:55 - [WATCHDOG] - OpenClaw gateway online (detectado na porta 18789).
2026-03-03 08:13:00 - [WATCHDOG] - OpenClaw gateway online (detectado na porta 18789).
2026-03-03 08:13:55 - [WATCHDOG] - OpenClaw gateway online (detectado na porta 18789).
2026-03-03 08:14:00 - [WATCHDOG] - OpenClaw gateway online (detectado na porta 18789).
2026-03-03 08:14:55 - [WATCHDOG] - OpenClaw gateway online (detectado na porta 18789).
2026-03-03 08:15:00 - [WATCHDOG] - OpenClaw gateway online (detectado na porta 18789).
2026-03-03 08:15:55 - [WATCHDOG] - OpenClaw gateway online (detectado na porta 18789).
2026-03-03 08:16:00 - [WATCHDOG] - OpenClaw gateway online (detectado na porta 18789).
2026-03-03 08:16:55 - [WATCHDOG] - OpenClaw gateway online (detectado na porta 18789).
2026-03-03 08:17:00 - [WATCHDOG] - OpenClaw gateway online (detectado na porta 18789).
2026-03-03 08:17:55 - [WATCHDOG] - OpenClaw gateway online (detectado na porta 18789).
2026-03-03 08:18:00 - [WATCHDOG] - OpenClaw gateway online (detectado na porta 18789).
2026-03-03 08:18:55 - [WATCHDOG] - OpenClaw gateway online (detectado na porta 18789).
2026-03-03 08:19:00 - [WATCHDOG] - OpenClaw gateway online (detectado na porta 18789).
2026-03-03 08:19:55 - [WATCHDOG] - OpenClaw gateway online (detectado na porta 18789).
2026-03-03 08:20:01 - [WATCHDOG] - OpenClaw gateway online (detectado na porta 18789).
2026-03-03 08:20:55 - [WATCHDOG] - OpenClaw gateway online (detectado na porta 18789).
2026-03-03 08:21:01 - [WATCHDOG] - OpenClaw gateway online (detectado na porta 18789).
2026-03-03 08:21:55 - [WATCHDOG] - OpenClaw gateway online (detectado na porta 18789).
2026-03-03 08:22:01 - [WATCHDOG] - OpenClaw gateway online (detectado na porta 18789).
