2026-02-10 21:04:44,988 - INFO - Iniciando pipeline refatorado com Grok 4-1-fast-reasoning (xAI)
2026-02-10 21:04:45,723 - INFO - Arquivo carregado: 157 itens.
2026-02-10 21:04:45,733 - INFO - Processando 157 itens.
2026-02-10 21:05:12,456 - INFO - DEBUG - JSON LIMPO (Item 0): {"comprimento": "365 mm", "diametro": "24 mm", "instrumento_alvo": "bombo marcial ou de fanfarra", "marca": "Liverpool", "material_cabo": "madeira", "material_ponta": "feltro de alta densidade", "modelo": "MC 50", "tipo": "maçaneta", "aplicacao": "bombo marcial ou de fanfarra (a partir de 22\")", "caracteristicas": "cordão pendente no cabo para prática de giros, cabeça de feltro de alta densidade", "material_cabeça": "feltro de alta densidade", "dimensoes_mm": "Cabo: comprimento 365 mm, diâmetro 24 mm; Cabeça: diâmetro 50 mm, comprimento 35 mm", "instrumento": "bombo", "material_cabeca": "feltro de alta densidade", "formato_cabeça": "cilíndrico", "especificacoes_complementares_edital": {"equivalente": "modelo Liverpool MC 50 ou de melhor qualidade"}}
2026-02-10 21:58:12,459 - INFO - Salvando arquivo final...
2026-02-13 09:28:38,638 - INFO - Iniciando pipeline refatorado com Grok 4-1-fast-reasoning (xAI)
2026-02-13 09:28:49,468 - INFO - Carregando checkpoint...
2026-02-13 09:28:49,615 - INFO - Processando 7 itens.
2026-02-13 09:29:07,779 - INFO - DEBUG - JSON LIMPO (Item 0): {"cor": "PRETO", "marca": "KEYPLAY", "numero_ritmos": 100, "numero_teclas": 61, "alimentacao": "POR BATERIA OU FONTE AC INCLUÍDA", "timbres": 100, "saidas_audio": "SAÍDA DE ÁUDIO", "entradas_audio": "ENTRADA PARA FONES DE OUVIDO", "tipo": "TECLADO MUSICAL ESTUDANTE", "especificacoes_complementares_edital": {"suporte": "AJUSTÁVEL", "certificacao": "EXIGE INMETRO", "modelo_possivel": "SONOROS"}}
2026-02-13 09:30:34,004 - INFO - Salvando arquivo final...
2026-02-13 09:33:01,707 - INFO - Iniciando pipeline refatorado com Grok 4-1-fast-reasoning (xAI)
2026-02-13 09:33:08,058 - INFO - Carregando checkpoint...
2026-02-13 09:33:08,210 - INFO - Processando 7 itens.
2026-02-13 09:33:27,781 - INFO - DEBUG - JSON LIMPO (Item 0): {"cor": "PRETO", "marca": "KEYPLAY", "numero_ritmos": 100, "numero_teclas": 61, "tipo_teclado": "ESTUDANTE", "total_ritmos": 100, "alimentacao": "POR BATERIA OU FONTE AC INCLUÍDA", "ritmos": "100 RITMOS PRÉ-PROGRAMADOS", "timbres": 100, "teclado": "61 TECLAS", "saidas_audio": "SAÍDA DE ÁUDIO", "entradas_audio": "ENTRADA PARA FONES DE OUVIDO", "tipo": "TECLADO MUSICAL ESTUDANTE", "especificacoes_complementares_edital": {"suporte_ajustavel": "SIM", "exige_inmetro": "SIM", "sonoros": "SIM"}}
2026-02-13 09:34:48,291 - INFO - Salvando arquivo final...
2026-02-13 12:28:50,823 - INFO - Iniciando pipeline refatorado com Grok 4-1-fast-reasoning (xAI)
2026-02-13 12:28:54,080 - INFO - Carregando checkpoint...
2026-02-13 12:28:54,130 - INFO - Processando 7 itens.
2026-02-13 12:29:12,171 - INFO - DEBUG - JSON LIMPO (Item 0): {}
2026-02-13 12:31:07,754 - INFO - Salvando arquivo final...
2026-02-13 12:33:50,733 - INFO - Iniciando pipeline refatorado com Grok 4-1-fast-reasoning (xAI)
2026-02-13 12:33:52,400 - INFO - Carregando checkpoint...
2026-02-13 12:33:52,417 - INFO - Processando 7 itens.
2026-02-13 12:34:12,860 - INFO - DEBUG - JSON LIMPO (Item 0): {"cor": "preto", "marca": "Keyplay", "numero_ritmos": 100, "numero_teclas": 61, "tipo_teclado": "estudante", "total_ritmos": 100, "alimentacao": "bateria ou fonte AC incluída", "ritmos": 100, "timbres": 100, "saidas_audio": "fones de ouvido e áudio", "tipo_instrumento": "teclado musical", "especificacoes_complementares_edital": {"suporte": "ajustável", "inmetro": "exigido", "ritmos": "pré-programados", "timbres": "pré-programados"}}
2026-02-13 12:35:41,431 - INFO - Salvando arquivo final...
2026-02-13 12:35:42,045 - INFO - Processo concluído com sucesso!
2026-02-13 13:18:03,894 - INFO - Iniciando pipeline refatorado com Grok 4-1-fast-reasoning (xAI)
2026-02-13 13:18:05,664 - INFO - Arquivo carregado: 369 itens.
2026-02-13 13:18:05,681 - INFO - Processando 369 itens.
2026-02-13 13:18:22,479 - INFO - DEBUG - JSON LIMPO (Item 0): {"comprimento": "365 mm", "diametro": "24 mm", "instrumento_alvo": "bombo marcial ou de fanfarra (a partir de 22\")", "marca": "Liverpool", "material": "madeira", "material_cabo": "madeira", "modelo": "MC 50", "modelo_padrão": "Liverpool MC 50", "tipo": "maçaneta", "aplicacao": "bombo marcial ou de fanfarra", "caracteristicas": "cabeça de feltro de alta densidade, cordão pendente no cabo para prática de giros", "material_cabeça": "feltro de alta densidade", "dimensoes_mm": "cabo: comprimento 365 mm, diâmetro 24 mm; cabeça: diâmetro 50 mm, comprimento 35 mm", "instrumento": "bombo marcial ou de fanfarra", "material_cabeca": "feltro de alta densidade", "formato_cabeça": "cilíndrico", "especificacoes_complementares_edital": {"similar_a": "Liverpool MC 50 ou de melhor qualidade"}}
2026-02-13 15:16:16,597 - INFO - Salvando arquivo final...
2026-02-13 15:16:17,366 - INFO - Processo concluído com sucesso!
